Information: Updating design information... (UID-85)
 
****************************************
Report : qor
Design : pc
Version: Q-2019.12-SP3
Date   : Thu Mar  5 16:15:02 2026
****************************************


  Timing Path Group (none)
  -----------------------------------
  Levels of Logic:               0.00
  Critical Path Length:          0.23
  Critical Path Slack:         uninit
  Critical Path Clk Period:       n/a
  Total Negative Slack:          0.00
  No. of Violating Paths:        0.00
  Worst Hold Violation:          0.00
  Total Hold Violation:          0.00
  No. of Hold Violations:        0.00
  -----------------------------------


  Cell Count
  -----------------------------------
  Hierarchical Cell Count:          0
  Hierarchical Port Count:          0
  Leaf Cell Count:                 35
  Buf/Inv Cell Count:               3
  Buf Cell Count:                   0
  Inv Cell Count:                   3
  CT Buf/Inv Cell Count:            0
  Combinational Cell Count:         3
  Sequential Cell Count:           32
  Macro Count:                      0
  -----------------------------------


  Area
  -----------------------------------
  Combinational Area:        4.066304
  Noncombinational Area:   292.773895
  Buf/Inv Area:              4.066304
  Total Buffer Area:             0.00
  Total Inverter Area:           4.07
  Macro/Black Box Area:      0.000000
  Net Area:                 43.781149
  -----------------------------------
  Cell Area:               296.840199
  Design Area:             340.621348


  Design Rules
  -----------------------------------
  Total Number of Nets:           101
  Nets With Violations:             0
  Max Trans Violations:             0
  Max Cap Violations:               0
  -----------------------------------


  Hostname: auto.ece.pdx.edu

  Compile CPU Statistics
  -----------------------------------------
  Resource Sharing:                    0.00
  Logic Optimization:                  0.44
  Mapping Optimization:                3.04
  -----------------------------------------
  Overall Compile Time:               16.11
  Overall Compile Wall Clock Time:    16.99

  --------------------------------------------------------------------

  Design  WNS: 0.00  TNS: 0.00  Number of Violating Paths: 0


  Design (Hold)  WNS: 0.00  TNS: 0.00  Number of Violating Paths: 0

  --------------------------------------------------------------------


1
