 
****************************************
Report : constraint
        -all_violators
Design : riscv_core
Version: Q-2019.12-SP3
Date   : Mon Mar  9 23:40:13 2026
****************************************


   max_delay/setup ('clk' group)

                             Required        Actual
   Endpoint                 Path Delay     Path Delay        Slack
   -----------------------------------------------------------------
   pc_inst/pc_reg_1_/D          6.58           6.58 r         0.00  (VIOLATED: increase significant digits)
   pc_inst/pc_reg_12_/D         6.58           6.58 r         0.00  (VIOLATED: increase significant digits)
   pc_inst/pc_reg_13_/D         6.58           6.58 r         0.00  (VIOLATED: increase significant digits)
   pc_inst/pc_reg_14_/D         6.58           6.58 r         0.00  (VIOLATED: increase significant digits)
   pc_inst/pc_reg_15_/D         6.58           6.58 r         0.00  (VIOLATED: increase significant digits)
   pc_inst/pc_reg_16_/D         6.58           6.58 r         0.00  (VIOLATED: increase significant digits)
   pc_inst/pc_reg_17_/D         6.58           6.58 r         0.00  (VIOLATED: increase significant digits)
   pc_inst/pc_reg_18_/D         6.58           6.58 r         0.00  (VIOLATED: increase significant digits)
   pc_inst/pc_reg_19_/D         6.58           6.58 r         0.00  (VIOLATED: increase significant digits)
   pc_inst/pc_reg_20_/D         6.58           6.58 r         0.00  (VIOLATED: increase significant digits)
   pc_inst/pc_reg_21_/D         6.58           6.58 r         0.00  (VIOLATED: increase significant digits)
   pc_inst/pc_reg_22_/D         6.58           6.58 r         0.00  (VIOLATED: increase significant digits)
   pc_inst/pc_reg_23_/D         6.58           6.58 r         0.00  (VIOLATED: increase significant digits)
   pc_inst/pc_reg_27_/D         6.58           6.58 r         0.00  (VIOLATED: increase significant digits)
   pc_inst/pc_reg_28_/D         6.58           6.58 r         0.00  (VIOLATED: increase significant digits)
   pc_inst/pc_reg_29_/D         6.58           6.58 r         0.00  (VIOLATED: increase significant digits)
   pc_inst/pc_reg_30_/D         6.58           6.58 r         0.00  (VIOLATED: increase significant digits)
   pc_inst/pc_reg_0_/D          6.58           6.58 r         0.00  (VIOLATED: increase significant digits)
   pc_inst/pc_reg_31_/D         6.58           6.58 r         0.00  (VIOLATED: increase significant digits)
   pc_inst/pc_reg_2_/D          6.58           6.58 r         0.00  (VIOLATED: increase significant digits)
   pc_inst/pc_reg_4_/D          6.58           6.58 r         0.00  (VIOLATED: increase significant digits)
   pc_inst/pc_reg_5_/D          6.58           6.58 r         0.00  (VIOLATED: increase significant digits)
   pc_inst/pc_reg_7_/D          6.58           6.58 r         0.00  (VIOLATED: increase significant digits)
   pc_inst/pc_reg_8_/D          6.58           6.58 r         0.00  (VIOLATED: increase significant digits)
   pc_inst/pc_reg_9_/D          6.58           6.58 r         0.00  (VIOLATED: increase significant digits)
   pc_inst/pc_reg_10_/D         6.58           6.58 r         0.00  (VIOLATED: increase significant digits)
   pc_inst/pc_reg_11_/D         6.58           6.58 r         0.00  (VIOLATED: increase significant digits)
   pc_inst/pc_reg_24_/D         6.58           6.58 r         0.00  (VIOLATED: increase significant digits)
   pc_inst/pc_reg_25_/D         6.58           6.58 r         0.00  (VIOLATED: increase significant digits)
   pc_inst/pc_reg_26_/D         6.58           6.58 r         0.00  (VIOLATED: increase significant digits)
   pc_inst/pc_reg_3_/D          6.58           6.58 r         0.00  (VIOLATED: increase significant digits)
   pc_inst/pc_reg_6_/D          6.58           6.58 r         0.00  (VIOLATED: increase significant digits)


   max_area

                             Required        Actual
   Design                      Area           Area           Slack
   -----------------------------------------------------------------
   riscv_core                   0.00       264384.91      -264384.91
                                                                    (VIOLATED)


   max_leakage_power

                             Required        Actual
   Design                   Leakage Power  Leakage Power     Slack
   -----------------------------------------------------------------
   riscv_core                   0.00       2781250560.00  -2781250560.00
                                                                    (VIOLATED)


   multiport_net

                             Required        Actual
   Net                          Cost           Cost          Violation
   -----------------------------------------------------------------
   immgen/imm[31]               0.00          19.00         -19.00  (VIOLATED)
   ctrl/mem_to_reg              0.00           1.00          -1.00  (VIOLATED)


1
