
                           Design Compiler Graphical 
                                 DC Ultra (TM)
                                  DFTMAX (TM)
                              Power Compiler (TM)
                                 DesignWare (R)
                                 DC Expert (TM)
                               Design Vision (TM)
                               HDL Compiler (TM)
                               VHDL Compiler (TM)
                                  DFT Compiler
                               Design Compiler(R)

               Version Q-2019.12-SP3 for linux64 - Apr 21, 2020 

                    Copyright (c) 1988 - 2020 Synopsys, Inc.
   This software and the associated documentation are proprietary to Synopsys,
 Inc. This software may only be used in accordance with the terms and conditions
 of a written license agreement with Synopsys, Inc. All other use, reproduction,
            or distribution of this software is strictly prohibited.
Initializing...
Initializing gui preferences from file  /u/saishree/.synopsys_dv_prefs.tcl
##################################################
# Top Level Synthesis Script 
# Sets up top-design name and sources scripts files
# Author: Venkatesh Patil (v.p@pdx.edu)
# ################################################
puts "=== DC TOP START ==="
=== DC TOP START ===
if { [info exists ::env(TOP)] } {
    set top_design $::env(TOP)
} elseif { ![info exists top_design] } {
    set top_design riscv_core
}
data_mem
set script_dir [file dirname [info script]]
/u/saishree/ECE-581-W26/Final_Project/bottom_up_riscv_run/data_mem/syn/scripts
source -echo -verbose $script_dir/dc_setup.tcl
####################################################
# For ECE-581 Class
# Author: Venkatesh Patil (v.p@pdx.edu)
# Modular Script: Initialization and setup for DC
# Sets design-independent variables: corners, libs, RTL, clocks, directories
####################################################
puts "INFO: Setup and reset"
INFO: Setup and reset
# --------------------------------------------------
# Reset previous designs if any
# --------------------------------------------------
if { [list_designs] != 0 } {
    reset_design
    remove_design -designs
}
Warning: No designs to list. (UID-275)
# --------------------------------------------------
# Design / Flow Options
# --------------------------------------------------
# These control optional features of the flow
set add_ios 0                        ;# Insert IO pad cells
0
set pad_design 1                      ;# Pad the design
1
set dc_floorplanning 1                ;# Enable floorplanning
1
set enable_dft 0                      ;# Enable DFT (0 = off)
0
set innovus_enable_manual_macro_placement 0 ;# Manual macro placement in Innovus
0
set design_size {580 580}             ;# Width x Height of the design
580 580
set design_io_border 310              ;# Border for IO placement
310
# --------------------------------------------------
# Library base directory
# --------------------------------------------------
# Can override via environment variable LIB_DIR
if { [info exists ::env(LIB_DIR)] } {
    set lib_dir $::env(LIB_DIR)
} else {
    set lib_dir /pkgs/synopsys/2020/32_28nm/SAED32_EDK/lib
}
/pkgs/synopsys/2020/32_28nm/SAED32_EDK/lib
# --------------------------------------------------
# RTL Files
# --------------------------------------------------
# List of RTL files for the design
# top_design must be set in top-level script or Makefile
# --------------------------------------------------
# RTL directory (from Makefile)
# --------------------------------------------------
if { [info exists ::env(RTLDIR)] } {
    set rtl_dir $::env(RTLDIR)
} else {
    error "RTLDIR not set. Run DC via Makefile."
}
/u/saishree/ECE-581-W26/Final_Project/bottom_up_riscv_run/data_mem/syn/rtl
puts "INFO: RTL directory = $rtl_dir"
INFO: RTL directory = /u/saishree/ECE-581-W26/Final_Project/bottom_up_riscv_run/data_mem/syn/rtl
set rtl_list [list ${rtl_dir}/${top_design}.sv]
/u/saishree/ECE-581-W26/Final_Project/bottom_up_riscv_run/data_mem/syn/rtl/data_mem.sv
# --------------------------------------------------
# Corner / Timing settings
# --------------------------------------------------
set slow_corner "ss0p95v125c_2p25v ss0p95v125c ss0p75v125c_i0p75v"
ss0p95v125c_2p25v ss0p95v125c ss0p75v125c_i0p75v
set fast_corner "ff0p95vn40c ff1p16vn40c_2p75v ff1p16vn40c"
ff0p95vn40c ff1p16vn40c_2p75v ff1p16vn40c
set synth_corners $slow_corner
ss0p95v125c_2p25v ss0p95v125c ss0p75v125c_i0p75v
set synth_corners_target "ss0p95v125c"
ss0p95v125c
set synth_corners_slow $slow_corner
ss0p95v125c_2p25v ss0p95v125c ss0p75v125c_i0p75v
set synth_corners_fast $fast_corner
ff0p95vn40c ff1p16vn40c_2p75v ff1p16vn40c
set slow_metal Cmax_125
Cmax_125
set fast_metal Cmax_125
Cmax_125
# --------------------------------------------------
# Library types for DC
# --------------------------------------------------
# Libraries used in link_library and target_library
set lib_types "$lib_dir/io_std/db_nldm $lib_dir/sram_lp/db_nldm $lib_dir/pll/db_nldm"
/pkgs/synopsys/2020/32_28nm/SAED32_EDK/lib/io_std/db_nldm /pkgs/synopsys/2020/32_28nm/SAED32_EDK/lib/sram_lp/db_nldm /pkgs/synopsys/2020/32_28nm/SAED32_EDK/lib/pll/db_nldm
set ndm_types "$lib_dir/stdcell_rvt/ndm $lib_dir/stdcell_hvt/ndm $lib_dir/sram_lp/ndm $lib_dir/io_std/ndm $lib_dir/pll/ndm"
/pkgs/synopsys/2020/32_28nm/SAED32_EDK/lib/stdcell_rvt/ndm /pkgs/synopsys/2020/32_28nm/SAED32_EDK/lib/stdcell_hvt/ndm /pkgs/synopsys/2020/32_28nm/SAED32_EDK/lib/sram_lp/ndm /pkgs/synopsys/2020/32_28nm/SAED32_EDK/lib/io_std/ndm /pkgs/synopsys/2020/32_28nm/SAED32_EDK/lib/pll/ndm
# Enable for NLDM libraries
set lib_types_target {}
lappend lib_types_target "$lib_dir/stdcell_rvt/db_nldm"
/pkgs/synopsys/2020/32_28nm/SAED32_EDK/lib/stdcell_rvt/db_nldm
lappend lib_types_target "$lib_dir/stdcell_hvt/db_nldm"
/pkgs/synopsys/2020/32_28nm/SAED32_EDK/lib/stdcell_rvt/db_nldm /pkgs/synopsys/2020/32_28nm/SAED32_EDK/lib/stdcell_hvt/db_nldm
lappend lib_types_target "$lib_dir/stdcell_lvt/db_nldm"
/pkgs/synopsys/2020/32_28nm/SAED32_EDK/lib/stdcell_rvt/db_nldm /pkgs/synopsys/2020/32_28nm/SAED32_EDK/lib/stdcell_hvt/db_nldm /pkgs/synopsys/2020/32_28nm/SAED32_EDK/lib/stdcell_lvt/db_nldm
# Enable for CCS libraries
#set lib_types_target {}
#lappend lib_types_target "$lib_dir/stdcell_rvt/db_ccs"
#lappend lib_types_target "$lib_dir/stdcell_hvt/db_ccs"
#lappend lib_types_target "$lib_dir/stdcell_lvt/db_ccs"
set sub_lib_type "saed32?vt_ saed32sramlp_ saed32io_wb_ saed32pll_"
saed32?vt_ saed32sramlp_ saed32io_wb_ saed32pll_
# Choose Multi-vt target library
set sub_lib_type_target {}
lappend sub_lib_type_target "saed32rvt_"
saed32rvt_
lappend sub_lib_type_target "saed32hvt_"
saed32rvt_ saed32hvt_
lappend sub_lib_type_target "saed32lvt_"
saed32rvt_ saed32hvt_ saed32lvt_
# LEF files for floorplanning
set lef_types [list \ 
    $lib_dir/stdcell_hvt/lef     $lib_dir/stdcell_rvt/lef     $lib_dir/stdcell_lvt/lef     $lib_dir/sram_lp/lef     $lib_dir/io_std/lef     $lib_dir/pll/lef ]
Error: unknown command '/pkgs/synopsys/2020/32_28nm/SAED32_EDK/lib/stdcell_hvt/lef' (CMD-005)
set sub_lef_type "saed32nm_?vt_*.lef saed32_sram_lp_*.lef saed32io_std_wb saed32_PLL.lef"
saed32nm_?vt_*.lef saed32_sram_lp_*.lef saed32io_std_wb saed32_PLL.lef
# Milkyway libraries for ICC2 / DC
set mwlib_types [list     $lib_dir/stdcell_hvt/milkyway     $lib_dir/stdcell_rvt/milkyway     $lib_dir/stdcell_lvt/milkyway     $lib_dir/io_std/milkyway     $lib_dir/sram_lp/milkyway     $lib_dir/pll/milkyway ]
/pkgs/synopsys/2020/32_28nm/SAED32_EDK/lib/stdcell_hvt/milkyway /pkgs/synopsys/2020/32_28nm/SAED32_EDK/lib/stdcell_rvt/milkyway /pkgs/synopsys/2020/32_28nm/SAED32_EDK/lib/stdcell_lvt/milkyway /pkgs/synopsys/2020/32_28nm/SAED32_EDK/lib/io_std/milkyway /pkgs/synopsys/2020/32_28nm/SAED32_EDK/lib/sram_lp/milkyway /pkgs/synopsys/2020/32_28nm/SAED32_EDK/lib/pll/milkyway
set sub_mwlib_type "saed32nm_?vt_* saed32sram_lp saed32io_wb_* SAED32_PLL_FR*"
saed32nm_?vt_* saed32sram_lp saed32io_wb_* SAED32_PLL_FR*
# --------------------------------------------------
# Project directories
# --------------------------------------------------
file mkdir ../work
file mkdir ../reports
file mkdir ../outputs
puts "INFO: DC setup complete for ${top_design}"
INFO: DC setup complete for data_mem
source -echo -verbose $script_dir/dc_libraries.tcl
####################################################
# For ECE-581 Class
# Author: Venkatesh Patil (v.p@pdx.edu)
# Modular Script: Setup libraries for Synopsys DC
# Configures target and link libraries for synthesis
####################################################
puts "INFO: Setting up libraries..."
INFO: Setting up libraries...
# --------------------------------------------------
# Base library directories
# --------------------------------------------------
# lib_dir should be a common variable defined in dc_setup.tcl
# synthetic_library is the DW Foundation library for synthesis
set lib_dir /pkgs/synopsys/2020/32_28nm/SAED32_EDK/lib
/pkgs/synopsys/2020/32_28nm/SAED32_EDK/lib
set synthetic_library /pkgs/synopsys/2020/design_compiler/syn/Q-2019.12-SP3/libraries/syn/dw_foundation.sldb
/pkgs/synopsys/2020/design_compiler/syn/Q-2019.12-SP3/libraries/syn/dw_foundation.sldb
# --------------------------------------------------
# Construct search path for all library types
# --------------------------------------------------
# lib_types should be defined in dc_setup.tcl
set search_path ""
foreach lib $lib_types { lappend search_path $lib }
# Add local directory at the end of search path
lappend search_path .
/pkgs/synopsys/2020/32_28nm/SAED32_EDK/lib/io_std/db_nldm /pkgs/synopsys/2020/32_28nm/SAED32_EDK/lib/sram_lp/db_nldm /pkgs/synopsys/2020/32_28nm/SAED32_EDK/lib/pll/db_nldm .
# --------------------------------------------------
# Construct link_library for Design Compiler
# Includes all standard cells, I/Os, SRAMs, PLLs, and DW Foundation
# --------------------------------------------------
set link_library ""
foreach path $search_path {
    foreach corner $synth_corners {
        foreach sublib $sub_lib_type {
            foreach dbfile [glob -nocomplain $path/$sublib$corner.db] {
                lappend link_library $dbfile
            }
        }
    }
}
# Append DW Foundation and wildcard for other libraries
lappend link_library $synthetic_library *
/pkgs/synopsys/2020/32_28nm/SAED32_EDK/lib/io_std/db_nldm/saed32io_wb_ss0p95v125c_2p25v.db /pkgs/synopsys/2020/32_28nm/SAED32_EDK/lib/sram_lp/db_nldm/saed32sramlp_ss0p75v125c_i0p75v.db /pkgs/synopsys/2020/32_28nm/SAED32_EDK/lib/pll/db_nldm/saed32pll_ss0p95v125c_2p25v.db /pkgs/synopsys/2020/design_compiler/syn/Q-2019.12-SP3/libraries/syn/dw_foundation.sldb *
# Apply to DC
set_app_var link_library $link_library
/pkgs/synopsys/2020/32_28nm/SAED32_EDK/lib/io_std/db_nldm/saed32io_wb_ss0p95v125c_2p25v.db /pkgs/synopsys/2020/32_28nm/SAED32_EDK/lib/sram_lp/db_nldm/saed32sramlp_ss0p75v125c_i0p75v.db /pkgs/synopsys/2020/32_28nm/SAED32_EDK/lib/pll/db_nldm/saed32pll_ss0p95v125c_2p25v.db /pkgs/synopsys/2020/design_compiler/syn/Q-2019.12-SP3/libraries/syn/dw_foundation.sldb *
# --------------------------------------------------
# Construct target_library for synthesis output
# Only includes target corner libraries (HVT/RVT)
# --------------------------------------------------
set target_library ""
foreach path $lib_types_target {
    foreach corner $synth_corners_target {
        foreach sublib $sub_lib_type_target {
            foreach dbfile [glob -nocomplain $path/$sublib$corner*.db] {
                lappend target_library $dbfile
            }
        }
    }
}
set_app_var target_library $target_library
/pkgs/synopsys/2020/32_28nm/SAED32_EDK/lib/stdcell_rvt/db_nldm/saed32rvt_ss0p95v125c.db /pkgs/synopsys/2020/32_28nm/SAED32_EDK/lib/stdcell_hvt/db_nldm/saed32hvt_ss0p95v125c.db /pkgs/synopsys/2020/32_28nm/SAED32_EDK/lib/stdcell_lvt/db_nldm/saed32lvt_ss0p95v125c.db
# include  R/V/L VT libraries explicitly as needed.
lappend link_library $lib_dir/stdcell_rvt/db_nldm/saed32rvt_ss0p95v125c.db
/pkgs/synopsys/2020/32_28nm/SAED32_EDK/lib/io_std/db_nldm/saed32io_wb_ss0p95v125c_2p25v.db /pkgs/synopsys/2020/32_28nm/SAED32_EDK/lib/sram_lp/db_nldm/saed32sramlp_ss0p75v125c_i0p75v.db /pkgs/synopsys/2020/32_28nm/SAED32_EDK/lib/pll/db_nldm/saed32pll_ss0p95v125c_2p25v.db /pkgs/synopsys/2020/design_compiler/syn/Q-2019.12-SP3/libraries/syn/dw_foundation.sldb * /pkgs/synopsys/2020/32_28nm/SAED32_EDK/lib/stdcell_rvt/db_nldm/saed32rvt_ss0p95v125c.db
lappend link_library $lib_dir/stdcell_hvt/db_nldm/saed32hvt_ss0p95v125c.db
/pkgs/synopsys/2020/32_28nm/SAED32_EDK/lib/io_std/db_nldm/saed32io_wb_ss0p95v125c_2p25v.db /pkgs/synopsys/2020/32_28nm/SAED32_EDK/lib/sram_lp/db_nldm/saed32sramlp_ss0p75v125c_i0p75v.db /pkgs/synopsys/2020/32_28nm/SAED32_EDK/lib/pll/db_nldm/saed32pll_ss0p95v125c_2p25v.db /pkgs/synopsys/2020/design_compiler/syn/Q-2019.12-SP3/libraries/syn/dw_foundation.sldb * /pkgs/synopsys/2020/32_28nm/SAED32_EDK/lib/stdcell_rvt/db_nldm/saed32rvt_ss0p95v125c.db /pkgs/synopsys/2020/32_28nm/SAED32_EDK/lib/stdcell_hvt/db_nldm/saed32hvt_ss0p95v125c.db
lappend link_library $lib_dir/stdcell_lvt/db_nldm/saed32lvt_ss0p95v125c.db
/pkgs/synopsys/2020/32_28nm/SAED32_EDK/lib/io_std/db_nldm/saed32io_wb_ss0p95v125c_2p25v.db /pkgs/synopsys/2020/32_28nm/SAED32_EDK/lib/sram_lp/db_nldm/saed32sramlp_ss0p75v125c_i0p75v.db /pkgs/synopsys/2020/32_28nm/SAED32_EDK/lib/pll/db_nldm/saed32pll_ss0p95v125c_2p25v.db /pkgs/synopsys/2020/design_compiler/syn/Q-2019.12-SP3/libraries/syn/dw_foundation.sldb * /pkgs/synopsys/2020/32_28nm/SAED32_EDK/lib/stdcell_rvt/db_nldm/saed32rvt_ss0p95v125c.db /pkgs/synopsys/2020/32_28nm/SAED32_EDK/lib/stdcell_hvt/db_nldm/saed32hvt_ss0p95v125c.db /pkgs/synopsys/2020/32_28nm/SAED32_EDK/lib/stdcell_lvt/db_nldm/saed32lvt_ss0p95v125c.db
puts "INFO: Library setup completed"
INFO: Library setup completed
source -echo -verbose $script_dir/dc_analyze.tcl
####################################################
# For ECE-581 Class
# Author: Venkatesh Patil (v.p@pdx.edu)
# Modular Script: Analyze and Elaborate RTL
# for Synopsys Design Compiler (DC)
# Sources I/O insertion scripts if enabled
####################################################
puts "INFO: Starting Analyze and Elaborate stage"
INFO: Starting Analyze and Elaborate stage
# --------------------------------------------------
# Analyze the RTL
# --------------------------------------------------
# $rtl_list should be defined in dc_setup.tcl
# -autoread automatically reads the files
# -define SYNTHESIS defines synthesis preprocessor macro
echo "analyze $rtl_list -autoread -define SYNTHESIS"
analyze /u/saishree/ECE-581-W26/Final_Project/bottom_up_riscv_run/data_mem/syn/rtl/data_mem.sv -autoread -define SYNTHESIS
analyze $rtl_list -autoread -define SYNTHESIS
== ANALYZE autoread all files ==

Starting ANALYZE autoread mode...
Information: Adding '/u/saishree/ECE-581-W26/Final_Project/bottom_up_riscv_run/data_mem/syn/rtl/data_mem.sv'.  (AUTOREAD-100)
Information: Scanning file { data_mem.sv }. (AUTOREAD-303)
Compiling source file /u/saishree/ECE-581-W26/Final_Project/bottom_up_riscv_run/data_mem/syn/rtl/data_mem.sv
Presto compilation completed successfully.
Autoread command completed successfully.
1
# --------------------------------------------------
# Elaborate top-level design
# --------------------------------------------------
# $top_design should be defined in dc_setup.tcl
elaborate $top_design
Loading db file '/pkgs/synopsys/2020/32_28nm/SAED32_EDK/lib/io_std/db_nldm/saed32io_wb_ss0p95v125c_2p25v.db'
Loading db file '/pkgs/synopsys/2020/32_28nm/SAED32_EDK/lib/sram_lp/db_nldm/saed32sramlp_ss0p75v125c_i0p75v.db'
Loading db file '/pkgs/synopsys/2020/32_28nm/SAED32_EDK/lib/pll/db_nldm/saed32pll_ss0p95v125c_2p25v.db'
Loading db file '/pkgs/synopsys/2020/design_compiler/syn/Q-2019.12-SP3/libraries/syn/dw_foundation.sldb'
Loading db file '/pkgs/synopsys/2020/32_28nm/SAED32_EDK/lib/stdcell_rvt/db_nldm/saed32rvt_ss0p95v125c.db'
Loading db file '/pkgs/synopsys/2020/32_28nm/SAED32_EDK/lib/stdcell_hvt/db_nldm/saed32hvt_ss0p95v125c.db'
Loading db file '/pkgs/synopsys/2020/32_28nm/SAED32_EDK/lib/stdcell_lvt/db_nldm/saed32lvt_ss0p95v125c.db'
Loading db file '/pkgs/synopsys/2020/design_compiler/syn/Q-2019.12-SP3/libraries/syn/gtech.db'
Loading db file '/pkgs/synopsys/2020/design_compiler/syn/Q-2019.12-SP3/libraries/syn/standard.sldb'
  Loading link library 'saed32io_wb_ss0p95v125c_2p25v'
  Loading link library 'saed32sramlp_ss0p75v125c_i0p75v'
  Loading link library 'saed32pll_ss0p95v125c_2p25v'
  Loading link library 'saed32rvt_ss0p95v125c'
  Loading link library 'saed32hvt_ss0p95v125c'
  Loading link library 'saed32lvt_ss0p95v125c'
  Loading link library 'gtech'
Running PRESTO HDLC

Inferred memory devices in process
	in routine data_mem line 12 in file
		'/u/saishree/ECE-581-W26/Final_Project/bottom_up_riscv_run/data_mem/syn/rtl/data_mem.sv'.
===============================================================================
|    Register Name    |   Type    | Width | Bus | MB | AR | AS | SR | SS | ST |
===============================================================================
|     memory_reg      | Flip-flop | 8192  |  Y  | N  | N  | N  | N  | N  | N  |
|    read_data_reg    | Flip-flop |  32   |  Y  | N  | N  | N  | N  | N  | N  |
===============================================================================
Statistics for MUX_OPs
======================================================
| block name/line  | Inputs | Outputs | # sel inputs |
======================================================
|   data_mem/17    |  256   |   32    |      8       |
======================================================
Presto compilation completed successfully. (data_mem)
Elaborated 1 design.
Current design is now 'data_mem'.
1
# --------------------------------------------------
# Standardize names for hierarchical output
# --------------------------------------------------
change_names -rules verilog -hierarchy
Warning: The specified replacement character (_) is conflicting with the specified allowed or restricted character.   (UCN-4)
1
# --------------------------------------------------
# Optional: Insert I/O pad cells
# --------------------------------------------------
# If add_ios flag is set, source the common add_ios script
# and a design-specific add_ios script
if { [info exists add_ios] && $add_ios } {
    puts "INFO: Inserting I/O pad cells"
    source $script_dir/add_ios.tcl
    source $script_dir/${top_design}.add_ios.tcl
}
puts "INFO: Analyze and Elaborate stage completed"
INFO: Analyze and Elaborate stage completed
source -echo -verbose $script_dir/dc_constraints.tcl
####################################################
# For ECE-581 Class
# Author: Venaktesh Patil (v.p@pdx.edu)
# Placeholder script for any design constraints
# before/after sdc file is sourced
# Synopsys DC compiler
# #################################################
source ../constraints/${top_design}.sdc
INFO: Constraints
Current design is 'data_mem'.
1
# Add additional constraints or overwrite constraints
# 
source -echo -verbose $script_dir/dc_compile.tcl
####################################################
# For ECE-581 Class
# Author: Venaktesh Patil (v.p@pdx.edu)
# Modular Script to compile given RTL design for 
# Synopsys DC compiler
# Preserves hierarchy
# Modify as needed.
# #################################################
puts "INFO: Compile"
INFO: Compile
set_dont_use [get_lib_cells */DELLN*]
1
uniquify
1
compile_ultra -scan
Information: Performing power optimization. (PWR-850)
Analyzing: "/pkgs/synopsys/2020/32_28nm/SAED32_EDK/lib/stdcell_rvt/db_nldm/saed32rvt_ss0p95v125c.db"
Analyzing: "/pkgs/synopsys/2020/32_28nm/SAED32_EDK/lib/stdcell_hvt/db_nldm/saed32hvt_ss0p95v125c.db"
Analyzing: "/pkgs/synopsys/2020/32_28nm/SAED32_EDK/lib/stdcell_lvt/db_nldm/saed32lvt_ss0p95v125c.db"
Library analysis succeeded.
Information: Choosing a test methodology will restrict the optimization of sequential cells. (UIO-12)
Information: Evaluating DesignWare library utilization. (UISN-27)

============================================================================
| DesignWare Building Block Library  |         Version         | Available |
============================================================================
| Basic DW Building Blocks           | Q-2019.12-DWBB_201912.3 |     *     |
| Licensed DW Building Blocks        | Q-2019.12-DWBB_201912.3 |     *     |
============================================================================

Information: Sequential output inversion is enabled.  SVF file must be used for formal verification. (OPT-1208)

Information: There are 24 potential problems in your design. Please run 'check_design' for more information. (LINT-99)

  Simplifying Design 'data_mem'

Loaded alib file './alib-52/saed32rvt_ss0p95v125c.db.alib' (placeholder)
Loaded alib file './alib-52/saed32hvt_ss0p95v125c.db.alib'
Loaded alib file './alib-52/saed32lvt_ss0p95v125c.db.alib' (placeholder)
  Building model 'DW01_NAND2'
Information: Ungrouping 0 of 1 hierarchies before Pass 1 (OPT-775)
Information: State dependent leakage is now switched from on to off.

  Beginning Pass 1 Mapping
  ------------------------
  Processing 'data_mem'

  Updating timing information
Information: Updating design information... (UID-85)
Information: The library cell 'PMT3_RVT' in the library 'saed32rvt_ss0p95v125c' is not characterized for internal power. (PWR-536)
Information: The library cell 'PMT2_RVT' in the library 'saed32rvt_ss0p95v125c' is not characterized for internal power. (PWR-536)
Information: The library cell 'PMT1_RVT' in the library 'saed32rvt_ss0p95v125c' is not characterized for internal power. (PWR-536)
Information: The library cell 'NMT3_RVT' in the library 'saed32rvt_ss0p95v125c' is not characterized for internal power. (PWR-536)
Information: The library cell 'NMT2_RVT' in the library 'saed32rvt_ss0p95v125c' is not characterized for internal power. (PWR-536)
Information: The library cell 'NMT1_RVT' in the library 'saed32rvt_ss0p95v125c' is not characterized for internal power. (PWR-536)
Information: The library cell 'PMT3_HVT' in the library 'saed32hvt_ss0p95v125c' is not characterized for internal power. (PWR-536)
Information: The library cell 'PMT2_HVT' in the library 'saed32hvt_ss0p95v125c' is not characterized for internal power. (PWR-536)
Information: The library cell 'PMT1_HVT' in the library 'saed32hvt_ss0p95v125c' is not characterized for internal power. (PWR-536)
Information: The library cell 'NMT3_HVT' in the library 'saed32hvt_ss0p95v125c' is not characterized for internal power. (PWR-536)
Information: The library cell 'NMT2_HVT' in the library 'saed32hvt_ss0p95v125c' is not characterized for internal power. (PWR-536)
Information: The library cell 'NMT1_HVT' in the library 'saed32hvt_ss0p95v125c' is not characterized for internal power. (PWR-536)
Information: The library cell 'PMT3_LVT' in the library 'saed32lvt_ss0p95v125c' is not characterized for internal power. (PWR-536)
Information: The library cell 'PMT2_LVT' in the library 'saed32lvt_ss0p95v125c' is not characterized for internal power. (PWR-536)
Information: The library cell 'PMT1_LVT' in the library 'saed32lvt_ss0p95v125c' is not characterized for internal power. (PWR-536)
Information: The library cell 'NMT3_LVT' in the library 'saed32lvt_ss0p95v125c' is not characterized for internal power. (PWR-536)
Information: The library cell 'NMT2_LVT' in the library 'saed32lvt_ss0p95v125c' is not characterized for internal power. (PWR-536)
Information: The library cell 'NMT1_LVT' in the library 'saed32lvt_ss0p95v125c' is not characterized for internal power. (PWR-536)
Information: The target library(s) contains cell(s), other than black boxes, that are not characterized for internal power. (PWR-24)
Information: Automatic shift-register identification is enabled for scan. Not all registers will be scan-replaced. (OPT-467)
Information: Complementing port 'S6' in design 'data_mem_MUX_OP_256_8_32'.
	 The new name of the port is 'S6_BAR'. (OPT-319)
Information: Complementing port 'S5' in design 'data_mem_MUX_OP_256_8_32'.
	 The new name of the port is 'S5_BAR'. (OPT-319)
Information: Complementing port 'S4' in design 'data_mem_MUX_OP_256_8_32'.
	 The new name of the port is 'S4_BAR'. (OPT-319)
Information: Complementing port 'S3' in design 'data_mem_MUX_OP_256_8_32'.
	 The new name of the port is 'S3_BAR'. (OPT-319)
Information: Complementing port 'S2' in design 'data_mem_MUX_OP_256_8_32'.
	 The new name of the port is 'S2_BAR'. (OPT-319)

Threshold voltage group cell usage:
>> saed32cell_hvt 100.00%, saed32cell_lvt 0.00%, saed32cell_svt 0.00%

  Beginning Mapping Optimizations  (Ultra High effort)
  -------------------------------
Information: There is no timing violation in design data_mem. Delay-based auto_ungroup will not be performed. (OPT-780)
  Mapping Optimization (Phase 1)

                                  TOTAL                                                
   ELAPSED            WORST NEG   SETUP    DESIGN                              LEAKAGE 
    TIME      AREA      SLACK     COST    RULE COST         ENDPOINT            POWER  
  --------- --------- --------- --------- --------- ------------------------- ---------
    0:02:58  157833.1      0.00       0.0    2640.0                           5369515008.0000
    0:02:58  157833.1      0.00       0.0    2640.0                           5369515008.0000

Threshold voltage group cell usage:
>> saed32cell_hvt 100.00%, saed32cell_lvt 0.00%, saed32cell_svt 0.00%

  Beginning Constant Register Removal
  -----------------------------------
    0:02:59  157897.1      0.00       0.0    2640.0                           5372229632.0000
    0:03:00  157897.1      0.00       0.0    2640.0                           5372229632.0000

Threshold voltage group cell usage:
>> saed32cell_hvt 100.00%, saed32cell_lvt 0.00%, saed32cell_svt 0.00%

  Beginning Global Optimizations
  ------------------------------
  Numerical Synthesis (Phase 1)
  Numerical Synthesis (Phase 2)
  Global Optimization (Phase 1)
  Global Optimization (Phase 2)
  Global Optimization (Phase 3)
  Global Optimization (Phase 4)
  Global Optimization (Phase 5)
  Global Optimization (Phase 6)
  Global Optimization (Phase 7)
  Global Optimization (Phase 8)
  Global Optimization (Phase 9)
  Global Optimization (Phase 10)
  Global Optimization (Phase 11)
  Global Optimization (Phase 12)
  Global Optimization (Phase 13)
  Global Optimization (Phase 14)
  Global Optimization (Phase 15)
  Global Optimization (Phase 16)
  Global Optimization (Phase 17)
  Global Optimization (Phase 18)
  Global Optimization (Phase 19)
  Global Optimization (Phase 20)
  Global Optimization (Phase 21)
  Global Optimization (Phase 22)
  Global Optimization (Phase 23)
  Global Optimization (Phase 24)
  Global Optimization (Phase 25)
  Global Optimization (Phase 26)
  Global Optimization (Phase 27)
  Global Optimization (Phase 28)
  Global Optimization (Phase 29)
  Global Optimization (Phase 30)

Threshold voltage group cell usage:
>> saed32cell_hvt 100.00%, saed32cell_lvt 0.00%, saed32cell_svt 0.00%

  Beginning Isolate Ports
  -----------------------

Threshold voltage group cell usage:
>> saed32cell_hvt 100.00%, saed32cell_lvt 0.00%, saed32cell_svt 0.00%

  Beginning Delay Optimization
  ----------------------------
    0:03:05  124440.3      0.00       0.0       0.0                           2430563584.0000
    0:03:05  124440.3      0.00       0.0       0.0                           2430563584.0000
    0:03:05  124440.3      0.00       0.0       0.0                           2430563584.0000
    0:03:06  124440.3      0.00       0.0       0.0                           2430563584.0000

Threshold voltage group cell usage:
>> saed32cell_hvt 100.00%, saed32cell_lvt 0.00%, saed32cell_svt 0.00%
    0:03:07  124440.3      0.00       0.0       0.0                           2430563584.0000
    0:03:08  124440.3      0.00       0.0       0.0                           2430563584.0000

  Beginning WLM Backend Optimization
  --------------------------------------

Threshold voltage group cell usage:
>> saed32cell_hvt 100.00%, saed32cell_lvt 0.00%, saed32cell_svt 0.00%

  Beginning Delay Optimization HSVT Pass
  --------------------------------------
    0:03:15  112512.3      0.00       0.0       0.0                           1939377024.0000
    0:03:15  112512.3      0.00       0.0       0.0                           1939377024.0000
    0:03:15  112512.3      0.00       0.0       0.0                           1939377024.0000
    0:03:15  112512.3      0.00       0.0       0.0                           1939377024.0000
    0:03:16  112512.3      0.00       0.0       0.0                           1939377024.0000
    0:03:16  112512.3      0.00       0.0       0.0                           1939377024.0000
    0:03:16  112512.3      0.00       0.0       0.0                           1939377024.0000
    0:03:16  112512.3      0.00       0.0       0.0                           1939377024.0000
    0:03:17  112512.3      0.00       0.0       0.0                           1939377024.0000
    0:03:17  112512.3      0.00       0.0       0.0                           1939377024.0000
    0:03:17  112512.3      0.00       0.0       0.0                           1939377024.0000
    0:03:18  112452.4      0.00       0.0       0.0                           1937697664.0000
    0:03:18  112452.4      0.00       0.0       0.0                           1937697664.0000
    0:03:18  112452.4      0.00       0.0       0.0                           1937697664.0000
    0:03:18  112452.4      0.00       0.0       0.0                           1937697664.0000
    0:03:18  112452.4      0.00       0.0       0.0                           1937697664.0000
    0:03:18  112452.4      0.00       0.0       0.0                           1937697664.0000
    0:03:18  112452.4      0.00       0.0       0.0                           1937697664.0000
    0:03:18  112452.4      0.00       0.0       0.0                           1937697664.0000
    0:03:18  112452.4      0.00       0.0       0.0                           1937697664.0000
    0:03:18  112452.4      0.00       0.0       0.0                           1937697664.0000
    0:03:18  112452.4      0.00       0.0       0.0                           1937697664.0000

Threshold voltage group cell usage:
>> saed32cell_hvt 99.03%, saed32cell_lvt 0.00%, saed32cell_svt 0.97%

  Beginning Delay Optimization
  ----------------------------
    0:03:18  112452.4      0.00       0.0       0.0                           1937697664.0000
    0:03:18  112452.4      0.00       0.0       0.0                           1937697664.0000
    0:03:18  112452.4      0.00       0.0       0.0                           1937697664.0000
    0:03:18  112452.4      0.00       0.0       0.0                           1937697664.0000
    0:03:18  112452.4      0.00       0.0       0.0                           1937697664.0000
    0:03:18  112452.4      0.00       0.0       0.0                           1937697664.0000
    0:03:18  112452.4      0.00       0.0       0.0                           1937697664.0000
    0:03:18  112452.4      0.00       0.0       0.0                           1937697664.0000
    0:03:18  112452.4      0.00       0.0       0.0                           1937697664.0000
    0:03:18  112452.4      0.00       0.0       0.0                           1937697664.0000

Threshold voltage group cell usage:
>> saed32cell_hvt 99.03%, saed32cell_lvt 0.00%, saed32cell_svt 0.97%


  Beginning Leakage Power Optimization  (max_leakage_power 0)
  ------------------------------------

                                  TOTAL                                                
   ELAPSED            WORST NEG   SETUP    DESIGN                              LEAKAGE 
    TIME      AREA      SLACK     COST    RULE COST         ENDPOINT            POWER  
  --------- --------- --------- --------- --------- ------------------------- ---------
    0:03:18  112452.4      0.00       0.0       0.0                           1937697664.0000
  Global Optimization (Phase 31)
  Global Optimization (Phase 32)
  Global Optimization (Phase 33)
  Global Optimization (Phase 34)
  Global Optimization (Phase 35)
  Global Optimization (Phase 36)
  Global Optimization (Phase 37)
  Global Optimization (Phase 38)
  Global Optimization (Phase 39)
  Global Optimization (Phase 40)
  Global Optimization (Phase 41)
    0:03:19  123724.2      0.00       0.0       0.0                           13157621760.0000
    0:03:19  123724.2      0.00       0.0       0.0                           13157621760.0000
    0:03:19  123724.2      0.00       0.0       0.0                           13157621760.0000
    0:03:20  114599.4      0.00       0.0       0.0                           1971796480.0000
    0:03:20  114599.4      0.00       0.0       0.0                           1971796480.0000
    0:03:20  114599.4      0.00       0.0       0.0                           1971796480.0000
    0:03:20  114599.4      0.00       0.0       0.0                           1971796480.0000
    0:03:20  114599.4      0.00       0.0       0.0                           1971796480.0000
    0:03:20  114599.4      0.00       0.0       0.0                           1971796480.0000
    0:03:20  114599.4      0.00       0.0       0.0                           1971796480.0000
    0:03:20  114599.4      0.00       0.0       0.0                           1971796480.0000
    0:03:20  114599.4      0.00       0.0       0.0                           1971796480.0000
    0:03:20  114599.4      0.00       0.0       0.0                           1971796480.0000
    0:03:20  114599.4      0.00       0.0       0.0                           1971796480.0000
    0:03:20  114599.4      0.00       0.0       0.0                           1971796480.0000
    0:03:20  114599.4      0.00       0.0       0.0                           1971796480.0000
    0:03:20  114599.4      0.00       0.0       0.0                           1971796480.0000
    0:03:20  114599.4      0.00       0.0       0.0                           1971796480.0000
    0:03:20  114599.4      0.00       0.0       0.0                           1971796480.0000
    0:03:20  114599.4      0.00       0.0       0.0                           1971796480.0000
    0:03:20  114599.4      0.00       0.0       0.0                           1971796480.0000
    0:03:20  114599.4      0.00       0.0       0.0                           1971796480.0000

                                  TOTAL                                                
   ELAPSED            WORST NEG   SETUP    DESIGN                              LEAKAGE 
    TIME      AREA      SLACK     COST    RULE COST         ENDPOINT            POWER  
  --------- --------- --------- --------- --------- ------------------------- ---------
    0:03:21  114599.4      0.00       0.0       0.0                           1971796480.0000
    0:03:23  114889.9      0.00       0.0       3.0                           2716713472.0000
    0:03:23  114889.9      0.00       0.0       3.0                           2716713472.0000
    0:03:23  114889.9      0.00       0.0       3.0                           2716713472.0000
    0:03:25  114231.1      0.00       0.0       3.0                           2004396160.0000

Threshold voltage group cell usage:
>> saed32cell_hvt 96.27%, saed32cell_lvt 0.00%, saed32cell_svt 3.73%

  Beginning Delay Optimization HSVT Pass
  --------------------------------------
    0:03:26  114231.1      0.00       0.0       3.0                           2004396160.0000
    0:03:26  114231.1      0.00       0.0       3.0                           2004396160.0000
    0:03:26  114231.1      0.00       0.0       3.0                           2004396160.0000
    0:03:26  114231.1      0.00       0.0       3.0                           2004396160.0000
    0:03:26  114231.1      0.00       0.0       3.0                           2004396160.0000
    0:03:26  114231.1      0.00       0.0       3.0                           2004396160.0000
    0:03:26  114231.1      0.00       0.0       3.0                           2004396160.0000
    0:03:26  114231.1      0.00       0.0       3.0                           2004396160.0000
    0:03:29  114360.7      0.00       0.0       2.2 net76983                  2037495040.0000
    0:03:30  115158.7      0.00       0.0       0.4 net76668                  2128364416.0000
    0:03:30  115336.6      0.00       0.0       0.0                           2148622080.0000
    0:03:30  115336.6      0.00       0.0       0.0                           2148622080.0000
    0:03:30  115336.6      0.00       0.0       0.0                           2148622080.0000
    0:03:30  115336.6      0.00       0.0       0.0                           2148622080.0000
    0:03:30  115336.6      0.00       0.0       0.0                           2148622080.0000
    0:03:30  115336.6      0.00       0.0       0.0                           2148622080.0000
    0:03:39  115068.8      0.00       0.0       0.0                           2140008192.0000
Loading db file '/pkgs/synopsys/2020/32_28nm/SAED32_EDK/lib/io_std/db_nldm/saed32io_wb_ss0p95v125c_2p25v.db'
Loading db file '/pkgs/synopsys/2020/32_28nm/SAED32_EDK/lib/sram_lp/db_nldm/saed32sramlp_ss0p75v125c_i0p75v.db'
Loading db file '/pkgs/synopsys/2020/32_28nm/SAED32_EDK/lib/pll/db_nldm/saed32pll_ss0p95v125c_2p25v.db'
Loading db file '/pkgs/synopsys/2020/32_28nm/SAED32_EDK/lib/stdcell_rvt/db_nldm/saed32rvt_ss0p95v125c.db'
Loading db file '/pkgs/synopsys/2020/32_28nm/SAED32_EDK/lib/stdcell_hvt/db_nldm/saed32hvt_ss0p95v125c.db'
Loading db file '/pkgs/synopsys/2020/32_28nm/SAED32_EDK/lib/stdcell_lvt/db_nldm/saed32lvt_ss0p95v125c.db'


Note: Symbol # after min delay cost means estimated hold TNS across all active scenarios 


  Optimization Complete
  ---------------------
Warning: Design 'data_mem' contains 3 high-fanout nets. A fanout number of 1000 will be used for delay calculations involving these nets. (TIM-134)
     Net 'clk': 8224 load(s), 1 driver(s)
     Net 'n559': 8224 load(s), 1 driver(s)
     Net 'n560': 16448 load(s), 1 driver(s)
Information: State dependent leakage is now switched from off to on.
Information: Propagating switching activity (low effort zero delay simulation). (PWR-6)
1
change_names -rules verilog -hierarchy
1
1
source -echo -verbose $script_dir/dc_reports.tcl
####################################################
# For ECE-581 Class
# Author: Venaktesh Patil (v.p@pdx.edu)
# Modular Script to redirect reports for
# Synopsys DC compiler.
# Add different stages if needed
# 
# Modify as needed.
# #################################################
puts "INFO: Reports"
INFO: Reports
set stage dc
dc
report_qor                     > ../reports/${top_design}.${stage}.qor.rpt
report_constraint -all_viol    > ../reports/${top_design}.${stage}.constraint.rpt
report_timing -delay max -input -tran -cross -sig 4 -derate -net -cap  -max_path 10000 -slack_less 0 > ../reports/${top_design}.${stage}.timing.max.rpt
check_timing                   > ../reports/${top_design}.${stage}.check_timing.rpt
check_design                   > ../reports/${top_design}.${stage}.check_design.rpt
#check_mv_design  > ../reports/${top_design}.$stage.mvrc.rpt
source -echo -verbose $script_dir/dc_outputs.tcl
####################################################
# For ECE-581 Class
# Author: Venaktesh Patil (v.p@pdx.edu)
# Modular Script for setting up outputs from
# Synopsys DC compiler.
#
#
# #################################################
puts "INFO: Outputs"
INFO: Outputs
write -hier -format verilog -output ../outputs/${top_design}.dc.vg
Writing verilog file '/u/saishree/ECE-581-W26/Final_Project/bottom_up_riscv_run/data_mem/outputs/data_mem.dc.vg'.
1
write -hier -format ddc     -output ../outputs/${top_design}.dc.ddc
Writing ddc file '../outputs/data_mem.dc.ddc'.
1
save_upf ../outputs/${top_design}.dc.upf
1
1
puts "=== DC TOP END ==="
=== DC TOP END ===
dc_shell> 
Memory usage for this session 525 Mbytes.
Memory usage for this session including child processes 525 Mbytes.
CPU usage for this session 219 seconds ( 0.06 hours ).
Elapsed time for this session 297 seconds ( 0.08 hours ).

Thank you...
