 
****************************************
Report : timing
        -path full
        -delay max
        -derate
        -input_pins
        -nets
        -slack_lesser_than 0.0000
        -max_paths 10000
        -transition_time
        -crosstalk_delta
        -capacitance
Design : regfile
Version: X-2025.06-SP4
Date   : Mon Mar  9 21:03:23 2026
****************************************

 # A fanout number of 1000 was used for high fanout net computations.

Operating Conditions: ss0p95v125c   Library: saed32rvt_ss0p95v125c
Wire Load Model Mode: enclosed
No paths.

1
