Information: Updating design information... (UID-85)
Warning: Design 'data_mem' contains 3 high-fanout nets. A fanout number of 1000 will be used for delay calculations involving these nets. (TIM-134)
 
****************************************
Report : qor
Design : data_mem
Version: Q-2019.12-SP3
Date   : Mon Mar  9 17:42:40 2026
****************************************


  Timing Path Group 'clk'
  -----------------------------------
  Levels of Logic:              12.00
  Critical Path Length:          0.84
  Critical Path Slack:           0.00
  Critical Path Clk Period:      1.41
  Total Negative Slack:          0.00
  No. of Violating Paths:        0.00
  Worst Hold Violation:          0.00
  Total Hold Violation:          0.00
  No. of Hold Violations:        0.00
  -----------------------------------


  Cell Count
  -----------------------------------
  Hierarchical Cell Count:          0
  Hierarchical Port Count:          0
  Leaf Cell Count:              23176
  Buf/Inv Cell Count:             366
  Buf Cell Count:                 182
  Inv Cell Count:                 184
  CT Buf/Inv Cell Count:            0
  Combinational Cell Count:     14952
  Sequential Cell Count:         8224
  Macro Count:                      0
  -----------------------------------


  Area
  -----------------------------------
  Combinational Area:    42675.352888
  Noncombinational Area: 75244.924234
  Buf/Inv Area:            863.073025
  Total Buffer Area:           591.90
  Total Inverter Area:         271.17
  Macro/Black Box Area:      0.000000
  Net Area:             118515.637328
  -----------------------------------
  Cell Area:            117920.277123
  Design Area:          236435.914450


  Design Rules
  -----------------------------------
  Total Number of Nets:         23225
  Nets With Violations:             0
  Max Trans Violations:             0
  Max Cap Violations:               0
  -----------------------------------


  Hostname: auto.ece.pdx.edu

  Compile CPU Statistics
  -----------------------------------------
  Resource Sharing:                    4.61
  Logic Optimization:                 67.35
  Mapping Optimization:               61.66
  -----------------------------------------
  Overall Compile Time:              193.23
  Overall Compile Wall Clock Time:   198.26

  --------------------------------------------------------------------

  Design  WNS: 0.00  TNS: 0.00  Number of Violating Paths: 0


  Design (Hold)  WNS: 0.00  TNS: 0.00  Number of Violating Paths: 0

  --------------------------------------------------------------------


1
