Information: Changed wire load model for 'riscv_core' from '280000' to '140000'. (OPT-170)
Information: Updating design information... (UID-85)
Warning: Design 'riscv_core' contains 2 high-fanout nets. A fanout number of 1000 will be used for delay calculations involving these nets. (TIM-134)
 
****************************************
Report : qor
Design : riscv_core
Version: Q-2019.12-SP3
Date   : Sat Mar  7 16:42:14 2026
****************************************


  Timing Path Group 'clk'
  -----------------------------------
  Levels of Logic:              24.00
  Critical Path Length:          1.32
  Critical Path Slack:           0.00
  Critical Path Clk Period:      1.41
  Total Negative Slack:         -0.00
  No. of Violating Paths:        1.00
  Worst Hold Violation:          0.00
  Total Hold Violation:          0.00
  No. of Hold Violations:        0.00
  -----------------------------------


  Cell Count
  -----------------------------------
  Hierarchical Cell Count:          2
  Hierarchical Port Count:        212
  Leaf Cell Count:              29552
  Buf/Inv Cell Count:            1015
  Buf Cell Count:                 407
  Inv Cell Count:                 608
  CT Buf/Inv Cell Count:            0
  Combinational Cell Count:     20305
  Sequential Cell Count:         9247
  Macro Count:                      0
  -----------------------------------


  Area
  -----------------------------------
  Combinational Area:    57427.141635
  Noncombinational Area: 80323.226646
  Buf/Inv Area:           2520.346066
  Total Buffer Area:          1381.53
  Total Inverter Area:        1138.82
  Macro/Black Box Area:      0.000000
  Net Area:              76175.003868
  -----------------------------------
  Cell Area:            137750.368282
  Design Area:          213925.372149


  Design Rules
  -----------------------------------
  Total Number of Nets:         38066
  Nets With Violations:             0
  Max Trans Violations:             0
  Max Cap Violations:               0
  -----------------------------------


  Hostname: mo.ece.pdx.edu

  Compile CPU Statistics
  -----------------------------------------
  Resource Sharing:                    4.64
  Logic Optimization:                 75.25
  Mapping Optimization:              698.14
  -----------------------------------------
  Overall Compile Time:             1014.64
  Overall Compile Wall Clock Time:  1020.94

  --------------------------------------------------------------------

  Design  WNS: 0.00  TNS: 0.00  Number of Violating Paths: 1


  Design (Hold)  WNS: 0.00  TNS: 0.00  Number of Violating Paths: 0

  --------------------------------------------------------------------


1
