
                           Design Compiler Graphical 
                                 DC Ultra (TM)
                                  DFTMAX (TM)
                              Power Compiler (TM)
                                 DesignWare (R)
                                 DC Expert (TM)
                               Design Vision (TM)
                               HDL Compiler (TM)
                               VHDL Compiler (TM)
                                  DFT Compiler
                               Design Compiler(R)

               Version Q-2019.12-SP3 for linux64 - Apr 21, 2020 

                    Copyright (c) 1988 - 2020 Synopsys, Inc.
   This software and the associated documentation are proprietary to Synopsys,
 Inc. This software may only be used in accordance with the terms and conditions
 of a written license agreement with Synopsys, Inc. All other use, reproduction,
            or distribution of this software is strictly prohibited.
Initializing...
Initializing gui preferences from file  /u/saishree/.synopsys_dv_prefs.tcl
##################################################
# Top Level Synthesis Script 
# Sets up top-design name and sources scripts files
# Author: Venkatesh Patil (v.p@pdx.edu)
# ################################################
puts "=== DC TOP START ==="
=== DC TOP START ===
if { [info exists ::env(TOP)] } {
    set top_design $::env(TOP)
} elseif { ![info exists top_design] } {
    set top_design riscv_core
}
riscv_core
set script_dir [file dirname [info script]]
/u/saishree/ECE-581-W26/Final_Project/bottom_up_riscv_run/riscv_core/syn/scripts
source -echo -verbose $script_dir/dc_setup.tcl
####################################################
# For ECE-581 Class
# Author: Venkatesh Patil (v.p@pdx.edu)
# Modular Script: Initialization and setup for DC
# Sets design-independent variables: corners, libs, RTL, clocks, directories
####################################################
puts "INFO: Setup and reset"
INFO: Setup and reset
# --------------------------------------------------
# Reset previous designs if any
# --------------------------------------------------
if { [list_designs] != 0 } {
    reset_design
    remove_design -designs
}
Warning: No designs to list. (UID-275)
# --------------------------------------------------
# Design / Flow Options
# --------------------------------------------------
# These control optional features of the flow
set add_ios 0                        ;# Insert IO pad cells
0
set pad_design 1                      ;# Pad the design
1
set dc_floorplanning 1                ;# Enable floorplanning
1
set enable_dft 0                      ;# Enable DFT (0 = off)
0
set innovus_enable_manual_macro_placement 0 ;# Manual macro placement in Innovus
0
set design_size {580 580}             ;# Width x Height of the design
580 580
set design_io_border 310              ;# Border for IO placement
310
# --------------------------------------------------
# Library base directory
# --------------------------------------------------
# Can override via environment variable LIB_DIR
if { [info exists ::env(LIB_DIR)] } {
    set lib_dir $::env(LIB_DIR)
} else {
    set lib_dir /pkgs/synopsys/2020/32_28nm/SAED32_EDK/lib
}
/pkgs/synopsys/2020/32_28nm/SAED32_EDK/lib
# --------------------------------------------------
# RTL Files
# --------------------------------------------------
# List of RTL files for the design
# top_design must be set in top-level script or Makefile
# --------------------------------------------------
# RTL directory (from Makefile)
# --------------------------------------------------
if { [info exists ::env(RTLDIR)] } {
    set rtl_dir $::env(RTLDIR)
} else {
    error "RTLDIR not set. Run DC via Makefile."
}
/u/saishree/ECE-581-W26/Final_Project/bottom_up_riscv_run/riscv_core/syn/rtl
puts "INFO: RTL directory = $rtl_dir"
INFO: RTL directory = /u/saishree/ECE-581-W26/Final_Project/bottom_up_riscv_run/riscv_core/syn/rtl
set rtl_list [list ${rtl_dir}/${top_design}.sv ]
/u/saishree/ECE-581-W26/Final_Project/bottom_up_riscv_run/riscv_core/syn/rtl/riscv_core.sv
# --------------------------------------------------
# Corner / Timing settings
# --------------------------------------------------
set slow_corner "ss0p95v125c_2p25v ss0p95v125c ss0p75v125c_i0p75v"
ss0p95v125c_2p25v ss0p95v125c ss0p75v125c_i0p75v
set fast_corner "ff0p95vn40c ff1p16vn40c_2p75v ff1p16vn40c"
ff0p95vn40c ff1p16vn40c_2p75v ff1p16vn40c
set synth_corners $slow_corner
ss0p95v125c_2p25v ss0p95v125c ss0p75v125c_i0p75v
set synth_corners_target "ss0p95v125c"
ss0p95v125c
set synth_corners_slow $slow_corner
ss0p95v125c_2p25v ss0p95v125c ss0p75v125c_i0p75v
set synth_corners_fast $fast_corner
ff0p95vn40c ff1p16vn40c_2p75v ff1p16vn40c
set slow_metal Cmax_125
Cmax_125
set fast_metal Cmax_125
Cmax_125
# --------------------------------------------------
# Library types for DC
# --------------------------------------------------
# Libraries used in link_library and target_library
set lib_types "$lib_dir/io_std/db_nldm $lib_dir/sram_lp/db_nldm $lib_dir/pll/db_nldm"
/pkgs/synopsys/2020/32_28nm/SAED32_EDK/lib/io_std/db_nldm /pkgs/synopsys/2020/32_28nm/SAED32_EDK/lib/sram_lp/db_nldm /pkgs/synopsys/2020/32_28nm/SAED32_EDK/lib/pll/db_nldm
set ndm_types "$lib_dir/stdcell_rvt/ndm $lib_dir/stdcell_hvt/ndm $lib_dir/sram_lp/ndm $lib_dir/io_std/ndm $lib_dir/pll/ndm"
/pkgs/synopsys/2020/32_28nm/SAED32_EDK/lib/stdcell_rvt/ndm /pkgs/synopsys/2020/32_28nm/SAED32_EDK/lib/stdcell_hvt/ndm /pkgs/synopsys/2020/32_28nm/SAED32_EDK/lib/sram_lp/ndm /pkgs/synopsys/2020/32_28nm/SAED32_EDK/lib/io_std/ndm /pkgs/synopsys/2020/32_28nm/SAED32_EDK/lib/pll/ndm
# Enable for NLDM libraries
set lib_types_target {}
lappend lib_types_target "$lib_dir/stdcell_rvt/db_nldm"
/pkgs/synopsys/2020/32_28nm/SAED32_EDK/lib/stdcell_rvt/db_nldm
lappend lib_types_target "$lib_dir/stdcell_hvt/db_nldm"
/pkgs/synopsys/2020/32_28nm/SAED32_EDK/lib/stdcell_rvt/db_nldm /pkgs/synopsys/2020/32_28nm/SAED32_EDK/lib/stdcell_hvt/db_nldm
lappend lib_types_target "$lib_dir/stdcell_lvt/db_nldm"
/pkgs/synopsys/2020/32_28nm/SAED32_EDK/lib/stdcell_rvt/db_nldm /pkgs/synopsys/2020/32_28nm/SAED32_EDK/lib/stdcell_hvt/db_nldm /pkgs/synopsys/2020/32_28nm/SAED32_EDK/lib/stdcell_lvt/db_nldm
# Enable for CCS libraries
#set lib_types_target {}
#lappend lib_types_target "$lib_dir/stdcell_rvt/db_ccs"
#lappend lib_types_target "$lib_dir/stdcell_hvt/db_ccs"
#lappend lib_types_target "$lib_dir/stdcell_lvt/db_ccs"
set sub_lib_type "saed32?vt_ saed32sramlp_ saed32io_wb_ saed32pll_"
saed32?vt_ saed32sramlp_ saed32io_wb_ saed32pll_
# Choose Multi-vt target library
set sub_lib_type_target {}
lappend sub_lib_type_target "saed32rvt_"
saed32rvt_
lappend sub_lib_type_target "saed32hvt_"
saed32rvt_ saed32hvt_
lappend sub_lib_type_target "saed32lvt_"
saed32rvt_ saed32hvt_ saed32lvt_
# LEF files for floorplanning
set lef_types [list \ 
    $lib_dir/stdcell_hvt/lef     $lib_dir/stdcell_rvt/lef     $lib_dir/stdcell_lvt/lef     $lib_dir/sram_lp/lef     $lib_dir/io_std/lef     $lib_dir/pll/lef ]
Error: unknown command '/pkgs/synopsys/2020/32_28nm/SAED32_EDK/lib/stdcell_hvt/lef' (CMD-005)
set sub_lef_type "saed32nm_?vt_*.lef saed32_sram_lp_*.lef saed32io_std_wb saed32_PLL.lef"
saed32nm_?vt_*.lef saed32_sram_lp_*.lef saed32io_std_wb saed32_PLL.lef
# Milkyway libraries for ICC2 / DC
set mwlib_types [list     $lib_dir/stdcell_hvt/milkyway     $lib_dir/stdcell_rvt/milkyway     $lib_dir/stdcell_lvt/milkyway     $lib_dir/io_std/milkyway     $lib_dir/sram_lp/milkyway     $lib_dir/pll/milkyway ]
/pkgs/synopsys/2020/32_28nm/SAED32_EDK/lib/stdcell_hvt/milkyway /pkgs/synopsys/2020/32_28nm/SAED32_EDK/lib/stdcell_rvt/milkyway /pkgs/synopsys/2020/32_28nm/SAED32_EDK/lib/stdcell_lvt/milkyway /pkgs/synopsys/2020/32_28nm/SAED32_EDK/lib/io_std/milkyway /pkgs/synopsys/2020/32_28nm/SAED32_EDK/lib/sram_lp/milkyway /pkgs/synopsys/2020/32_28nm/SAED32_EDK/lib/pll/milkyway
set sub_mwlib_type "saed32nm_?vt_* saed32sram_lp saed32io_wb_* SAED32_PLL_FR*"
saed32nm_?vt_* saed32sram_lp saed32io_wb_* SAED32_PLL_FR*
# --------------------------------------------------
# Project directories
# --------------------------------------------------
file mkdir ../work
file mkdir ../reports
file mkdir ../outputs
puts "INFO: DC setup complete for ${top_design}"
INFO: DC setup complete for riscv_core
source -echo -verbose $script_dir/dc_libraries.tcl
####################################################
# For ECE-581 Class
# Author: Venkatesh Patil (v.p@pdx.edu)
# Modular Script: Setup libraries for Synopsys DC
# Configures target and link libraries for synthesis
####################################################
puts "INFO: Setting up libraries..."
INFO: Setting up libraries...
# --------------------------------------------------
# Base library directories
# --------------------------------------------------
# lib_dir should be a common variable defined in dc_setup.tcl
# synthetic_library is the DW Foundation library for synthesis
set lib_dir /pkgs/synopsys/2020/32_28nm/SAED32_EDK/lib
/pkgs/synopsys/2020/32_28nm/SAED32_EDK/lib
set synthetic_library /pkgs/synopsys/2020/design_compiler/syn/Q-2019.12-SP3/libraries/syn/dw_foundation.sldb
/pkgs/synopsys/2020/design_compiler/syn/Q-2019.12-SP3/libraries/syn/dw_foundation.sldb
# --------------------------------------------------
# Construct search path for all library types
# --------------------------------------------------
# lib_types should be defined in dc_setup.tcl
set search_path ""
foreach lib $lib_types { lappend search_path $lib }
# Add local directory at the end of search path
lappend search_path .
/pkgs/synopsys/2020/32_28nm/SAED32_EDK/lib/io_std/db_nldm /pkgs/synopsys/2020/32_28nm/SAED32_EDK/lib/sram_lp/db_nldm /pkgs/synopsys/2020/32_28nm/SAED32_EDK/lib/pll/db_nldm .
# --------------------------------------------------
# Construct link_library for Design Compiler
# Includes all standard cells, I/Os, SRAMs, PLLs, and DW Foundation
# --------------------------------------------------
set link_library ""
foreach path $search_path {
    foreach corner $synth_corners {
        foreach sublib $sub_lib_type {
            foreach dbfile [glob -nocomplain $path/$sublib$corner.db] {
                lappend link_library $dbfile
            }
        }
    }
}
# Append DW Foundation and wildcard for other libraries
lappend link_library $synthetic_library *
/pkgs/synopsys/2020/32_28nm/SAED32_EDK/lib/io_std/db_nldm/saed32io_wb_ss0p95v125c_2p25v.db /pkgs/synopsys/2020/32_28nm/SAED32_EDK/lib/sram_lp/db_nldm/saed32sramlp_ss0p75v125c_i0p75v.db /pkgs/synopsys/2020/32_28nm/SAED32_EDK/lib/pll/db_nldm/saed32pll_ss0p95v125c_2p25v.db /pkgs/synopsys/2020/design_compiler/syn/Q-2019.12-SP3/libraries/syn/dw_foundation.sldb *
# Apply to DC
set_app_var link_library $link_library
/pkgs/synopsys/2020/32_28nm/SAED32_EDK/lib/io_std/db_nldm/saed32io_wb_ss0p95v125c_2p25v.db /pkgs/synopsys/2020/32_28nm/SAED32_EDK/lib/sram_lp/db_nldm/saed32sramlp_ss0p75v125c_i0p75v.db /pkgs/synopsys/2020/32_28nm/SAED32_EDK/lib/pll/db_nldm/saed32pll_ss0p95v125c_2p25v.db /pkgs/synopsys/2020/design_compiler/syn/Q-2019.12-SP3/libraries/syn/dw_foundation.sldb *
# --------------------------------------------------
# Construct target_library for synthesis output
# Only includes target corner libraries (HVT/RVT)
# --------------------------------------------------
set target_library ""
foreach path $lib_types_target {
    foreach corner $synth_corners_target {
        foreach sublib $sub_lib_type_target {
            foreach dbfile [glob -nocomplain $path/$sublib$corner*.db] {
                lappend target_library $dbfile
            }
        }
    }
}
set_app_var target_library $target_library
/pkgs/synopsys/2020/32_28nm/SAED32_EDK/lib/stdcell_rvt/db_nldm/saed32rvt_ss0p95v125c.db /pkgs/synopsys/2020/32_28nm/SAED32_EDK/lib/stdcell_hvt/db_nldm/saed32hvt_ss0p95v125c.db /pkgs/synopsys/2020/32_28nm/SAED32_EDK/lib/stdcell_lvt/db_nldm/saed32lvt_ss0p95v125c.db
# include  R/V/L VT libraries explicitly as needed.
lappend link_library $lib_dir/stdcell_rvt/db_nldm/saed32rvt_ss0p95v125c.db
/pkgs/synopsys/2020/32_28nm/SAED32_EDK/lib/io_std/db_nldm/saed32io_wb_ss0p95v125c_2p25v.db /pkgs/synopsys/2020/32_28nm/SAED32_EDK/lib/sram_lp/db_nldm/saed32sramlp_ss0p75v125c_i0p75v.db /pkgs/synopsys/2020/32_28nm/SAED32_EDK/lib/pll/db_nldm/saed32pll_ss0p95v125c_2p25v.db /pkgs/synopsys/2020/design_compiler/syn/Q-2019.12-SP3/libraries/syn/dw_foundation.sldb * /pkgs/synopsys/2020/32_28nm/SAED32_EDK/lib/stdcell_rvt/db_nldm/saed32rvt_ss0p95v125c.db
lappend link_library $lib_dir/stdcell_hvt/db_nldm/saed32hvt_ss0p95v125c.db
/pkgs/synopsys/2020/32_28nm/SAED32_EDK/lib/io_std/db_nldm/saed32io_wb_ss0p95v125c_2p25v.db /pkgs/synopsys/2020/32_28nm/SAED32_EDK/lib/sram_lp/db_nldm/saed32sramlp_ss0p75v125c_i0p75v.db /pkgs/synopsys/2020/32_28nm/SAED32_EDK/lib/pll/db_nldm/saed32pll_ss0p95v125c_2p25v.db /pkgs/synopsys/2020/design_compiler/syn/Q-2019.12-SP3/libraries/syn/dw_foundation.sldb * /pkgs/synopsys/2020/32_28nm/SAED32_EDK/lib/stdcell_rvt/db_nldm/saed32rvt_ss0p95v125c.db /pkgs/synopsys/2020/32_28nm/SAED32_EDK/lib/stdcell_hvt/db_nldm/saed32hvt_ss0p95v125c.db
lappend link_library $lib_dir/stdcell_lvt/db_nldm/saed32lvt_ss0p95v125c.db
/pkgs/synopsys/2020/32_28nm/SAED32_EDK/lib/io_std/db_nldm/saed32io_wb_ss0p95v125c_2p25v.db /pkgs/synopsys/2020/32_28nm/SAED32_EDK/lib/sram_lp/db_nldm/saed32sramlp_ss0p75v125c_i0p75v.db /pkgs/synopsys/2020/32_28nm/SAED32_EDK/lib/pll/db_nldm/saed32pll_ss0p95v125c_2p25v.db /pkgs/synopsys/2020/design_compiler/syn/Q-2019.12-SP3/libraries/syn/dw_foundation.sldb * /pkgs/synopsys/2020/32_28nm/SAED32_EDK/lib/stdcell_rvt/db_nldm/saed32rvt_ss0p95v125c.db /pkgs/synopsys/2020/32_28nm/SAED32_EDK/lib/stdcell_hvt/db_nldm/saed32hvt_ss0p95v125c.db /pkgs/synopsys/2020/32_28nm/SAED32_EDK/lib/stdcell_lvt/db_nldm/saed32lvt_ss0p95v125c.db
puts "INFO: Library setup completed"
INFO: Library setup completed
source -echo -verbose $script_dir/dc_analyze.tcl
####################################################
# For ECE-581 Class
# Author: Venkatesh Patil (v.p@pdx.edu)
# Modular Script: Analyze and Elaborate RTL
# for Synopsys Design Compiler (DC)
# Sources I/O insertion scripts if enabled
####################################################
puts "INFO: Starting Analyze and Elaborate stage"
INFO: Starting Analyze and Elaborate stage
# --------------------------------------------------
# Analyze the RTL
# --------------------------------------------------
# $rtl_list should be defined in dc_setup.tcl
# -autoread automatically reads the files
# -define SYNTHESIS defines synthesis preprocessor macro
echo "analyze $rtl_list -autoread -define SYNTHESIS"
analyze /u/saishree/ECE-581-W26/Final_Project/bottom_up_riscv_run/riscv_core/syn/rtl/riscv_core.sv -autoread -define SYNTHESIS
analyze $rtl_list -autoread -define SYNTHESIS
== ANALYZE autoread all files ==

Starting ANALYZE autoread mode...
Information: Adding '/u/saishree/ECE-581-W26/Final_Project/bottom_up_riscv_run/riscv_core/syn/rtl/riscv_core.sv'.  (AUTOREAD-100)
Information: Scanning file { riscv_core.sv }. (AUTOREAD-303)
Compiling source file /u/saishree/ECE-581-W26/Final_Project/bottom_up_riscv_run/riscv_core/syn/rtl/riscv_core.sv
Presto compilation completed successfully.
Autoread command completed successfully.
1
# --------------------------------------------------
# Elaborate top-level design
# --------------------------------------------------
# $top_design should be defined in dc_setup.tcl
elaborate $top_design
Loading db file '/pkgs/synopsys/2020/32_28nm/SAED32_EDK/lib/io_std/db_nldm/saed32io_wb_ss0p95v125c_2p25v.db'
Loading db file '/pkgs/synopsys/2020/32_28nm/SAED32_EDK/lib/sram_lp/db_nldm/saed32sramlp_ss0p75v125c_i0p75v.db'
Loading db file '/pkgs/synopsys/2020/32_28nm/SAED32_EDK/lib/pll/db_nldm/saed32pll_ss0p95v125c_2p25v.db'
Loading db file '/pkgs/synopsys/2020/design_compiler/syn/Q-2019.12-SP3/libraries/syn/dw_foundation.sldb'
Loading db file '/pkgs/synopsys/2020/32_28nm/SAED32_EDK/lib/stdcell_rvt/db_nldm/saed32rvt_ss0p95v125c.db'
Loading db file '/pkgs/synopsys/2020/32_28nm/SAED32_EDK/lib/stdcell_hvt/db_nldm/saed32hvt_ss0p95v125c.db'
Loading db file '/pkgs/synopsys/2020/32_28nm/SAED32_EDK/lib/stdcell_lvt/db_nldm/saed32lvt_ss0p95v125c.db'
Loading db file '/pkgs/synopsys/2020/design_compiler/syn/Q-2019.12-SP3/libraries/syn/gtech.db'
Loading db file '/pkgs/synopsys/2020/design_compiler/syn/Q-2019.12-SP3/libraries/syn/standard.sldb'
  Loading link library 'saed32io_wb_ss0p95v125c_2p25v'
  Loading link library 'saed32sramlp_ss0p75v125c_i0p75v'
  Loading link library 'saed32pll_ss0p95v125c_2p25v'
  Loading link library 'saed32rvt_ss0p95v125c'
  Loading link library 'saed32hvt_ss0p95v125c'
  Loading link library 'saed32lvt_ss0p95v125c'
  Loading link library 'gtech'
Running PRESTO HDLC
Presto compilation completed successfully. (riscv_core)
Elaborated 1 design.
Current design is now 'riscv_core'.
Information: Building the design 'pc'. (HDL-193)
Warning: Cannot find the design 'pc' in the library 'WORK'. (LBR-1)
Information: Building the design 'control'. (HDL-193)
Warning: Cannot find the design 'control' in the library 'WORK'. (LBR-1)
Information: Building the design 'regfile'. (HDL-193)
Warning: Cannot find the design 'regfile' in the library 'WORK'. (LBR-1)
Information: Building the design 'imm_gen'. (HDL-193)
Warning: Cannot find the design 'imm_gen' in the library 'WORK'. (LBR-1)
Information: Building the design 'alu'. (HDL-193)
Warning: Cannot find the design 'alu' in the library 'WORK'. (LBR-1)
Information: Building the design 'data_mem'. (HDL-193)
Warning: Cannot find the design 'data_mem' in the library 'WORK'. (LBR-1)
Warning: Design 'riscv_core' has '6' unresolved references. For more detailed information, use the "link" command. (UID-341)
1
# --------------------------------------------------
# Standardize names for hierarchical output
# --------------------------------------------------
change_names -rules verilog -hierarchy
Warning: Design 'riscv_core' has '6' unresolved references. For more detailed information, use the "link" command. (UID-341)
Warning: The specified replacement character (_) is conflicting with the specified allowed or restricted character.   (UCN-4)
1
# --------------------------------------------------
# Optional: Insert I/O pad cells
# --------------------------------------------------
# If add_ios flag is set, source the common add_ios script
# and a design-specific add_ios script
if { [info exists add_ios] && $add_ios } {
    puts "INFO: Inserting I/O pad cells"
    source $script_dir/add_ios.tcl
    source $script_dir/${top_design}.add_ios.tcl
}
puts "INFO: Analyze and Elaborate stage completed"
INFO: Analyze and Elaborate stage completed
source -echo -verbose $script_dir/dc_constraints.tcl
####################################################
# For ECE-581 Class
# Author: Venaktesh Patil (v.p@pdx.edu)
# Placeholder script for any design constraints
# before/after sdc file is sourced
# Synopsys DC compiler
# #################################################
source ../constraints/${top_design}.sdc
Warning: Design 'riscv_core' has '6' unresolved references. For more detailed information, use the "link" command. (UID-341)
Warning: Design 'riscv_core' has '6' unresolved references. For more detailed information, use the "link" command. (UID-341)
Warning: Design 'riscv_core' has '6' unresolved references. For more detailed information, use the "link" command. (UID-341)
Warning: Design 'riscv_core' has '6' unresolved references. For more detailed information, use the "link" command. (UID-341)
Warning: Design 'riscv_core' has '6' unresolved references. For more detailed information, use the "link" command. (UID-341)
Warning: Design 'riscv_core' has '6' unresolved references. For more detailed information, use the "link" command. (UID-341)
Warning: Design rule attributes from the driving cell will be
	set on the port. (UID-401)
Warning: Design rule attributes from the driving cell will be
	set on the port. (UID-401)
Warning: Design rule attributes from the driving cell will be
	set on the port. (UID-401)
Warning: Design rule attributes from the driving cell will be
	set on the port. (UID-401)
Warning: Design rule attributes from the driving cell will be
	set on the port. (UID-401)
Warning: Design rule attributes from the driving cell will be
	set on the port. (UID-401)
Warning: Design rule attributes from the driving cell will be
	set on the port. (UID-401)
Warning: Design rule attributes from the driving cell will be
	set on the port. (UID-401)
Warning: Design rule attributes from the driving cell will be
	set on the port. (UID-401)
Warning: Design rule attributes from the driving cell will be
	set on the port. (UID-401)
Warning: Design rule attributes from the driving cell will be
	set on the port. (UID-401)
Warning: Design rule attributes from the driving cell will be
	set on the port. (UID-401)
Warning: Design rule attributes from the driving cell will be
	set on the port. (UID-401)
Warning: Design rule attributes from the driving cell will be
	set on the port. (UID-401)
Warning: Design rule attributes from the driving cell will be
	set on the port. (UID-401)
Warning: Design rule attributes from the driving cell will be
	set on the port. (UID-401)
Warning: Design rule attributes from the driving cell will be
	set on the port. (UID-401)
Warning: Design rule attributes from the driving cell will be
	set on the port. (UID-401)
Warning: Design rule attributes from the driving cell will be
	set on the port. (UID-401)
Warning: Design rule attributes from the driving cell will be
	set on the port. (UID-401)
Warning: Design rule attributes from the driving cell will be
	set on the port. (UID-401)
Warning: Design rule attributes from the driving cell will be
	set on the port. (UID-401)
Warning: Design rule attributes from the driving cell will be
	set on the port. (UID-401)
Warning: Design rule attributes from the driving cell will be
	set on the port. (UID-401)
Warning: Design rule attributes from the driving cell will be
	set on the port. (UID-401)
Warning: Design rule attributes from the driving cell will be
	set on the port. (UID-401)
Warning: Design rule attributes from the driving cell will be
	set on the port. (UID-401)
Warning: Design rule attributes from the driving cell will be
	set on the port. (UID-401)
Warning: Design rule attributes from the driving cell will be
	set on the port. (UID-401)
Warning: Design rule attributes from the driving cell will be
	set on the port. (UID-401)
Warning: Design rule attributes from the driving cell will be
	set on the port. (UID-401)
Warning: Design rule attributes from the driving cell will be
	set on the port. (UID-401)
Warning: Design rule attributes from the driving cell will be
	set on the port. (UID-401)
1
# Add additional constraints or overwrite constraints
# 
source -echo -verbose $script_dir/dc_compile.tcl
####################################################
# For ECE-581 Class
# Author: Venaktesh Patil (v.p@pdx.edu)
# Modular Script to compile given RTL design for 
# Synopsys DC compiler
# Preserves hierarchy
# Modify as needed.
# #################################################
puts "INFO: Compile"
INFO: Compile
set_dont_use [get_lib_cells */DELLN*]
1
uniquify
Warning: Design 'riscv_core' has '6' unresolved references. For more detailed information, use the "link" command. (UID-341)
1
read_ddc ../../alu/outputs/alu.dc.ddc
Error: Cannot read file '../../alu/outputs/alu.dc.ddc'. (UID-58)
read_ddc ../../control/outputs/control.dc.ddc
Reading ddc file '/u/saishree/ECE-581-W26/Final_Project/bottom_up_riscv_run/control/outputs/control.dc.ddc'.
Loaded 1 design.
Current design is 'control'.
control
read_ddc ../../regfile/outputs/regfile.dc.ddc
Error: Cannot read file '../../regfile/outputs/regfile.dc.ddc'. (UID-58)
read_ddc ../../data_mem/outputs/data_mem.dc.ddc
Reading ddc file '/u/saishree/ECE-581-W26/Final_Project/bottom_up_riscv_run/data_mem/outputs/data_mem.dc.ddc'.
Loaded 1 design.
Current design is 'data_mem'.
data_mem
read_ddc ../../imm_gen/outputs/imm_gen.dc.ddc
Error: Cannot read file '../../imm_gen/outputs/imm_gen.dc.ddc'. (UID-58)
read_ddc ../../pc/outputs/pc.dc.ddc
Reading ddc file '/u/saishree/ECE-581-W26/Final_Project/bottom_up_riscv_run/pc/outputs/pc.dc.ddc'.
Loaded 1 design.
Current design is 'pc'.
pc
current_design riscv_core
Current design is 'riscv_core'.
{riscv_core}
link

  Linking design 'riscv_core'
  Using the following designs and libraries:
  --------------------------------------------------------------------------
  riscv_core                  /u/saishree/ECE-581-W26/Final_Project/bottom_up_riscv_run/riscv_core/syn/riscv_core.db
  saed32io_wb_ss0p95v125c_2p25v (library) /pkgs/synopsys/2020/32_28nm/SAED32_EDK/lib/io_std/db_nldm/saed32io_wb_ss0p95v125c_2p25v.db
  saed32sramlp_ss0p75v125c_i0p75v (library) /pkgs/synopsys/2020/32_28nm/SAED32_EDK/lib/sram_lp/db_nldm/saed32sramlp_ss0p75v125c_i0p75v.db
  saed32pll_ss0p95v125c_2p25v (library) /pkgs/synopsys/2020/32_28nm/SAED32_EDK/lib/pll/db_nldm/saed32pll_ss0p95v125c_2p25v.db
  dw_foundation.sldb (library) /pkgs/synopsys/2020/design_compiler/syn/Q-2019.12-SP3/libraries/syn/dw_foundation.sldb
  * (3 designs)               /u/saishree/ECE-581-W26/Final_Project/bottom_up_riscv_run/control/outputs/control.dc.ddc, etc
  saed32rvt_ss0p95v125c (library) /pkgs/synopsys/2020/32_28nm/SAED32_EDK/lib/stdcell_rvt/db_nldm/saed32rvt_ss0p95v125c.db
  saed32hvt_ss0p95v125c (library) /pkgs/synopsys/2020/32_28nm/SAED32_EDK/lib/stdcell_hvt/db_nldm/saed32hvt_ss0p95v125c.db
  saed32lvt_ss0p95v125c (library) /pkgs/synopsys/2020/32_28nm/SAED32_EDK/lib/stdcell_lvt/db_nldm/saed32lvt_ss0p95v125c.db

Information: Building the design 'regfile'. (HDL-193)
Warning: Cannot find the design 'regfile' in the library 'WORK'. (LBR-1)
Information: Building the design 'imm_gen'. (HDL-193)
Warning: Cannot find the design 'imm_gen' in the library 'WORK'. (LBR-1)
Information: Building the design 'alu'. (HDL-193)
Warning: Cannot find the design 'alu' in the library 'WORK'. (LBR-1)
Warning: Unable to resolve reference 'regfile' in 'riscv_core'. (LINK-5)
Warning: Unable to resolve reference 'imm_gen' in 'riscv_core'. (LINK-5)
Warning: Unable to resolve reference 'alu' in 'riscv_core'. (LINK-5)
0
set_dont_touch [get_designs {alu control regfile data_mem imm_gen pc}]
Error: Can't find design 'alu'. (UID-109)
Error: Can't find design 'regfile'. (UID-109)
Error: Can't find design 'imm_gen'. (UID-109)
Warning: Design 'riscv_core' has '3' unresolved references. For more detailed information, use the "link" command. (UID-341)
1
compile_ultra -scan
Warning: Design 'riscv_core' has '3' unresolved references. For more detailed information, use the "link" command. (UID-341)
Information: Performing power optimization. (PWR-850)
Alib files are up-to-date.
Information: Choosing a test methodology will restrict the optimization of sequential cells. (UIO-12)
Information: Evaluating DesignWare library utilization. (UISN-27)

============================================================================
| DesignWare Building Block Library  |         Version         | Available |
============================================================================
| Basic DW Building Blocks           | Q-2019.12-DWBB_201912.3 |     *     |
| Licensed DW Building Blocks        | Q-2019.12-DWBB_201912.3 |     *     |
============================================================================

Information: Sequential output inversion is enabled.  SVF file must be used for formal verification. (OPT-1208)

Information: There are 132 potential problems in your design. Please run 'check_design' for more information. (LINT-99)

  Simplifying Design 'riscv_core'

Information: Building the design 'regfile'. (HDL-193)
Warning: Cannot find the design 'regfile' in the library 'WORK'. (LBR-1)
Information: Building the design 'imm_gen'. (HDL-193)
Warning: Cannot find the design 'imm_gen' in the library 'WORK'. (LBR-1)
Information: Building the design 'alu'. (HDL-193)
Warning: Cannot find the design 'alu' in the library 'WORK'. (LBR-1)
Warning: Unable to resolve reference 'regfile' in 'riscv_core'. (LINK-5)
Warning: Unable to resolve reference 'imm_gen' in 'riscv_core'. (LINK-5)
Warning: Unable to resolve reference 'alu' in 'riscv_core'. (LINK-5)
Loaded alib file './alib-52/saed32rvt_ss0p95v125c.db.alib' (placeholder)
Loaded alib file './alib-52/saed32hvt_ss0p95v125c.db.alib'
Loaded alib file './alib-52/saed32lvt_ss0p95v125c.db.alib' (placeholder)
  Building model 'DW01_NAND2'
Information: Ungrouping 0 of 4 hierarchies before Pass 1 (OPT-775)
Information: State dependent leakage is now switched from on to off.

  Beginning Pass 1 Mapping
  ------------------------
  Processing 'riscv_core'
 Implement Synthetic for 'riscv_core'.
Information: Building the design 'regfile'. (HDL-193)
Warning: Cannot find the design 'regfile' in the library 'WORK'. (LBR-1)
Information: Building the design 'imm_gen'. (HDL-193)
Warning: Cannot find the design 'imm_gen' in the library 'WORK'. (LBR-1)
Information: Building the design 'alu'. (HDL-193)
Warning: Cannot find the design 'alu' in the library 'WORK'. (LBR-1)
Warning: Unable to resolve reference 'regfile' in 'riscv_core'. (LINK-5)
Warning: Unable to resolve reference 'imm_gen' in 'riscv_core'. (LINK-5)
Warning: Unable to resolve reference 'alu' in 'riscv_core'. (LINK-5)

  Updating timing information
Information: Updating design information... (UID-85)
Information: The library cell 'PMT3_RVT' in the library 'saed32rvt_ss0p95v125c' is not characterized for internal power. (PWR-536)
Information: The library cell 'PMT2_RVT' in the library 'saed32rvt_ss0p95v125c' is not characterized for internal power. (PWR-536)
Information: The library cell 'PMT1_RVT' in the library 'saed32rvt_ss0p95v125c' is not characterized for internal power. (PWR-536)
Information: The library cell 'NMT3_RVT' in the library 'saed32rvt_ss0p95v125c' is not characterized for internal power. (PWR-536)
Information: The library cell 'NMT2_RVT' in the library 'saed32rvt_ss0p95v125c' is not characterized for internal power. (PWR-536)
Information: The library cell 'NMT1_RVT' in the library 'saed32rvt_ss0p95v125c' is not characterized for internal power. (PWR-536)
Information: The library cell 'PMT3_HVT' in the library 'saed32hvt_ss0p95v125c' is not characterized for internal power. (PWR-536)
Information: The library cell 'PMT2_HVT' in the library 'saed32hvt_ss0p95v125c' is not characterized for internal power. (PWR-536)
Information: The library cell 'PMT1_HVT' in the library 'saed32hvt_ss0p95v125c' is not characterized for internal power. (PWR-536)
Information: The library cell 'NMT3_HVT' in the library 'saed32hvt_ss0p95v125c' is not characterized for internal power. (PWR-536)
Information: The library cell 'NMT2_HVT' in the library 'saed32hvt_ss0p95v125c' is not characterized for internal power. (PWR-536)
Information: The library cell 'NMT1_HVT' in the library 'saed32hvt_ss0p95v125c' is not characterized for internal power. (PWR-536)
Information: The library cell 'PMT3_LVT' in the library 'saed32lvt_ss0p95v125c' is not characterized for internal power. (PWR-536)
Information: The library cell 'PMT2_LVT' in the library 'saed32lvt_ss0p95v125c' is not characterized for internal power. (PWR-536)
Information: The library cell 'PMT1_LVT' in the library 'saed32lvt_ss0p95v125c' is not characterized for internal power. (PWR-536)
Information: The library cell 'NMT3_LVT' in the library 'saed32lvt_ss0p95v125c' is not characterized for internal power. (PWR-536)
Information: The library cell 'NMT2_LVT' in the library 'saed32lvt_ss0p95v125c' is not characterized for internal power. (PWR-536)
Information: The library cell 'NMT1_LVT' in the library 'saed32lvt_ss0p95v125c' is not characterized for internal power. (PWR-536)
Information: The target library(s) contains cell(s), other than black boxes, that are not characterized for internal power. (PWR-24)
Information: Automatic shift-register identification is enabled for scan. Not all registers will be scan-replaced. (OPT-467)

Threshold voltage group cell usage:
>> saed32cell_hvt 90.63%, saed32cell_lvt 0.94%, saed32cell_svt 8.43%

  Beginning Mapping Optimizations  (Ultra High effort)
  -------------------------------
  Mapping Optimization (Phase 1)
Information: Added key list 'DesignWare' to design 'riscv_core'. (DDB-72)

                                  TOTAL                                                
   ELAPSED            WORST NEG   SETUP    DESIGN                              LEAKAGE 
    TIME      AREA      SLACK     COST    RULE COST         ENDPOINT            POWER  
  --------- --------- --------- --------- --------- ------------------------- ---------
    0:00:20  119385.4      0.10       3.1       3.8                           2714827776.0000
    0:00:21  119385.4      0.10       3.1       3.8                           2714827776.0000

Threshold voltage group cell usage:
>> saed32cell_hvt 89.22%, saed32cell_lvt 2.45%, saed32cell_svt 8.33%

  Beginning Constant Register Removal
  -----------------------------------
    0:00:21  119438.3      0.15       4.6       3.8                           2759943936.0000
    0:00:21  119438.3      0.15       4.6       3.8                           2759943936.0000

Threshold voltage group cell usage:
>> saed32cell_hvt 89.20%, saed32cell_lvt 2.48%, saed32cell_svt 8.33%

  Beginning Global Optimizations
  ------------------------------
  Numerical Synthesis (Phase 1)
  Numerical Synthesis (Phase 2)
  Global Optimization (Phase 1)
  Global Optimization (Phase 2)
  Global Optimization (Phase 3)
  Global Optimization (Phase 4)
  Global Optimization (Phase 5)
  Global Optimization (Phase 6)
  Global Optimization (Phase 7)
  Global Optimization (Phase 8)
  Global Optimization (Phase 9)
  Global Optimization (Phase 10)
  Global Optimization (Phase 11)
  Global Optimization (Phase 12)
  Global Optimization (Phase 13)
  Global Optimization (Phase 14)
  Global Optimization (Phase 15)
  Global Optimization (Phase 16)
  Global Optimization (Phase 17)
  Global Optimization (Phase 18)
  Global Optimization (Phase 19)
  Global Optimization (Phase 20)
  Global Optimization (Phase 21)
  Global Optimization (Phase 22)
  Global Optimization (Phase 23)
  Global Optimization (Phase 24)
  Global Optimization (Phase 25)
  Global Optimization (Phase 26)
  Global Optimization (Phase 27)
  Global Optimization (Phase 28)
  Global Optimization (Phase 29)

Threshold voltage group cell usage:
>> saed32cell_hvt 89.29%, saed32cell_lvt 2.38%, saed32cell_svt 8.33%

  Beginning Isolate Ports
  -----------------------

Threshold voltage group cell usage:
>> saed32cell_hvt 89.29%, saed32cell_lvt 2.38%, saed32cell_svt 8.33%

  Beginning Delay Optimization
  ----------------------------
    0:00:23  119239.0      0.09       3.5       0.0                           2525564416.0000
    0:00:23  119239.0      0.09       3.5       0.0                           2525564416.0000
    0:00:23  119239.0      0.09       3.5       0.0                           2525564416.0000
    0:00:23  119239.0      0.09       3.5       0.0                           2525564416.0000

Threshold voltage group cell usage:
>> saed32cell_hvt 89.29%, saed32cell_lvt 2.38%, saed32cell_svt 8.33%
    0:00:23  119239.0      0.09       3.5       0.0                           2525564416.0000
    0:00:23  119239.0      0.09       3.5       0.0                           2525564416.0000

  Beginning WLM Backend Optimization
  --------------------------------------
    0:00:24  119243.4      0.09       3.5       0.0                           2514426368.0000
    0:00:24  119243.4      0.09       3.5       0.0                           2514426368.0000
    0:00:24  119243.4      0.09       3.5       0.0                           2514426368.0000
    0:00:24  119236.0      0.09       3.0       0.0                           2450784256.0000
    0:00:24  119236.0      0.09       3.0       0.0                           2450784256.0000
    0:00:24  119236.0      0.09       3.0       0.0                           2450784256.0000
    0:00:24  119236.0      0.09       3.0       0.0                           2450784256.0000
    0:00:24  119236.0      0.09       3.0       0.0                           2450784256.0000
    0:00:24  119236.0      0.09       3.0       0.0                           2450784256.0000
    0:00:24  119236.0      0.09       3.0       0.0                           2450784256.0000
    0:00:24  119236.0      0.09       3.0       0.0                           2450784256.0000
    0:00:24  119236.0      0.09       3.0       0.0                           2450784256.0000
    0:00:24  119236.0      0.09       3.0       0.0                           2450784256.0000
    0:00:24  119236.0      0.09       3.0       0.0                           2450784256.0000
    0:00:24  119236.0      0.09       3.0       0.0                           2450784256.0000
    0:00:24  119236.0      0.09       3.0       0.0                           2450784256.0000
    0:00:24  119236.0      0.09       3.0       0.0                           2450784256.0000
    0:00:24  119236.0      0.09       3.0       0.0                           2450784256.0000
    0:00:24  119236.0      0.09       3.0       0.0                           2450784256.0000
    0:00:24  119236.0      0.09       3.0       0.0                           2450784256.0000
    0:00:24  119236.0      0.09       3.0       0.0                           2450784256.0000
    0:00:24  119236.0      0.09       3.0       0.0                           2450784256.0000
    0:00:25  119239.8      0.08       2.7       0.0                           2453502720.0000
    0:00:25  119239.8      0.08       2.7       0.0                           2453502720.0000

Threshold voltage group cell usage:
>> saed32cell_hvt 89.70%, saed32cell_lvt 1.63%, saed32cell_svt 8.67%


  Beginning Leakage Power Optimization  (max_leakage_power 0)
  ------------------------------------

                                  TOTAL                                                
   ELAPSED            WORST NEG   SETUP    DESIGN                              LEAKAGE 
    TIME      AREA      SLACK     COST    RULE COST         ENDPOINT            POWER  
  --------- --------- --------- --------- --------- ------------------------- ---------
    0:00:25  119239.8      0.08       2.7       0.0                           2453502720.0000
  Global Optimization (Phase 30)
  Global Optimization (Phase 31)
  Global Optimization (Phase 32)
  Global Optimization (Phase 33)
  Global Optimization (Phase 34)
  Global Optimization (Phase 35)
  Global Optimization (Phase 36)
  Global Optimization (Phase 37)
  Global Optimization (Phase 38)
  Global Optimization (Phase 39)
  Global Optimization (Phase 40)
  Global Optimization (Phase 41)
  Global Optimization (Phase 42)
    0:00:25  119298.0      0.08       3.3       0.0                           2388797184.0000
    0:00:25  119298.0      0.08       3.3       0.0                           2388797184.0000
    0:00:25  119298.0      0.08       3.3       0.0                           2388797184.0000
    0:00:25  119252.0      0.08       2.6       0.0                           2398797568.0000
    0:00:25  119252.0      0.08       2.6       0.0                           2398797568.0000
    0:00:25  119252.0      0.08       2.6       0.0                           2398797568.0000
    0:00:26  119252.0      0.08       2.6       0.0                           2398797568.0000
    0:00:26  119252.0      0.08       2.6       0.0                           2398797568.0000
    0:00:26  119252.0      0.08       2.6       0.0                           2398797568.0000
    0:00:26  119252.0      0.08       2.6       0.0                           2398797568.0000
    0:00:26  119252.0      0.08       2.6       0.0                           2398797568.0000
    0:00:26  119252.0      0.08       2.6       0.0                           2398797568.0000
    0:00:26  119252.0      0.08       2.6       0.0                           2398797568.0000
    0:00:26  119252.0      0.08       2.6       0.0                           2398797568.0000
    0:00:26  119252.0      0.08       2.6       0.0                           2398797568.0000
    0:00:26  119252.0      0.08       2.6       0.0                           2398797568.0000
    0:00:26  119252.0      0.08       2.6       0.0                           2398797568.0000
    0:00:26  119252.0      0.08       2.6       0.0                           2398797568.0000
    0:00:26  119252.0      0.08       2.6       0.0                           2398797568.0000
    0:00:26  119252.0      0.08       2.6       0.0                           2398797568.0000
    0:00:26  119252.0      0.08       2.6       0.0                           2398797568.0000
    0:00:26  119252.0      0.08       2.6       0.0                           2398797568.0000

                                  TOTAL                                                
   ELAPSED            WORST NEG   SETUP    DESIGN                              LEAKAGE 
    TIME      AREA      SLACK     COST    RULE COST         ENDPOINT            POWER  
  --------- --------- --------- --------- --------- ------------------------- ---------
    0:00:26  119252.0      0.08       2.6       0.0                           2398797568.0000
    0:00:26  119237.5      0.08       2.6       0.0                           2395425536.0000
    0:00:27  119237.5      0.08       2.6       0.0                           2395425536.0000
    0:00:27  119237.5      0.08       2.6       0.0                           2395425536.0000
    0:00:27  119235.7      0.08       2.6       0.0                           2382104832.0000

Threshold voltage group cell usage:
>> saed32cell_hvt 90.01%, saed32cell_lvt 1.09%, saed32cell_svt 8.90%

  Beginning Delay Optimization HSVT Pass
  --------------------------------------
    0:00:28  119235.7      0.08       2.6       0.0                           2382104832.0000
    0:00:28  119235.7      0.08       2.6       0.0                           2382104832.0000
    0:00:28  119235.7      0.08       2.6       0.0                           2382104832.0000
    0:00:28  119235.7      0.08       2.6       0.0                           2382104832.0000
    0:00:28  119235.7      0.08       2.6       0.0                           2382104832.0000
    0:00:28  119235.7      0.08       2.6       0.0                           2382104832.0000
    0:00:28  119235.7      0.08       2.6       0.0                           2382104832.0000
    0:00:28  119235.7      0.08       2.6       0.0                           2382104832.0000
    0:00:29  119237.5      0.08       2.7       0.0                           2381005056.0000
    0:00:29  119237.5      0.08       2.7       0.0                           2381005056.0000
    0:00:29  119237.5      0.08       2.7       0.0                           2381005056.0000
    0:00:29  119237.5      0.08       2.7       0.0                           2381005056.0000
    0:00:29  119237.5      0.08       2.7       0.0                           2381005056.0000
    0:00:29  119237.5      0.08       2.7       0.0                           2381005056.0000
    0:00:30  119236.7      0.08       2.6       0.0                           2380738304.0000
Loading db file '/pkgs/synopsys/2020/32_28nm/SAED32_EDK/lib/io_std/db_nldm/saed32io_wb_ss0p95v125c_2p25v.db'
Loading db file '/pkgs/synopsys/2020/32_28nm/SAED32_EDK/lib/sram_lp/db_nldm/saed32sramlp_ss0p75v125c_i0p75v.db'
Loading db file '/pkgs/synopsys/2020/32_28nm/SAED32_EDK/lib/pll/db_nldm/saed32pll_ss0p95v125c_2p25v.db'
Loading db file '/pkgs/synopsys/2020/32_28nm/SAED32_EDK/lib/stdcell_rvt/db_nldm/saed32rvt_ss0p95v125c.db'
Loading db file '/pkgs/synopsys/2020/32_28nm/SAED32_EDK/lib/stdcell_hvt/db_nldm/saed32hvt_ss0p95v125c.db'
Loading db file '/pkgs/synopsys/2020/32_28nm/SAED32_EDK/lib/stdcell_lvt/db_nldm/saed32lvt_ss0p95v125c.db'


Note: Symbol # after min delay cost means estimated hold TNS across all active scenarios 


  Optimization Complete
  ---------------------
Warning: Design 'riscv_core' contains 3 high-fanout nets. A fanout number of 1000 will be used for delay calculations involving these nets. (TIM-134)
     Net 'dmem/clk': 8256 load(s), 1 driver(s), 1 inout(s)
     Net 'dmem/n559': 8222 load(s), 1 driver(s)
     Net 'dmem/n560': 16444 load(s), 1 driver(s)
Information: Building the design 'regfile'. (HDL-193)
Warning: Cannot find the design 'regfile' in the library 'WORK'. (LBR-1)
Information: Building the design 'imm_gen'. (HDL-193)
Warning: Cannot find the design 'imm_gen' in the library 'WORK'. (LBR-1)
Information: Building the design 'alu'. (HDL-193)
Warning: Cannot find the design 'alu' in the library 'WORK'. (LBR-1)
Warning: Unable to resolve reference 'regfile' in 'riscv_core'. (LINK-5)
Warning: Unable to resolve reference 'imm_gen' in 'riscv_core'. (LINK-5)
Warning: Unable to resolve reference 'alu' in 'riscv_core'. (LINK-5)
Information: State dependent leakage is now switched from off to on.
Information: Propagating switching activity (low effort zero delay simulation). (PWR-6)
Warning: Design has unannotated black box outputs. (PWR-428)
1
change_names -rules verilog -hierarchy
Information: Building the design 'regfile'. (HDL-193)
Warning: Cannot find the design 'regfile' in the library 'WORK'. (LBR-1)
Information: Building the design 'imm_gen'. (HDL-193)
Warning: Cannot find the design 'imm_gen' in the library 'WORK'. (LBR-1)
Information: Building the design 'alu'. (HDL-193)
Warning: Cannot find the design 'alu' in the library 'WORK'. (LBR-1)
Warning: Unable to resolve reference 'regfile' in 'riscv_core'. (LINK-5)
Warning: Unable to resolve reference 'imm_gen' in 'riscv_core'. (LINK-5)
Warning: Unable to resolve reference 'alu' in 'riscv_core'. (LINK-5)
Warning: In the design control, net 'alu_ctrl[3]' is connecting multiple ports. (UCN-1)
Warning: In the design control, net 'mem_to_reg' is connecting multiple ports. (UCN-1)
1
1
source -echo -verbose $script_dir/dc_reports.tcl
####################################################
# For ECE-581 Class
# Author: Venaktesh Patil (v.p@pdx.edu)
# Modular Script to redirect reports for
# Synopsys DC compiler.
# Add different stages if needed
# 
# Modify as needed.
# #################################################
puts "INFO: Reports"
INFO: Reports
set stage dc
dc
report_qor                     > ../reports/${top_design}.${stage}.qor.rpt
report_constraint -all_viol    > ../reports/${top_design}.${stage}.constraint.rpt
report_timing -delay max -input -tran -cross -sig 4 -derate -net -cap  -max_path 10000 -slack_less 0 > ../reports/${top_design}.${stage}.timing.max.rpt
check_timing                   > ../reports/${top_design}.${stage}.check_timing.rpt
check_design                   > ../reports/${top_design}.${stage}.check_design.rpt
#check_mv_design  > ../reports/${top_design}.$stage.mvrc.rpt
source -echo -verbose $script_dir/dc_outputs.tcl
####################################################
# For ECE-581 Class
# Author: Venaktesh Patil (v.p@pdx.edu)
# Modular Script for setting up outputs from
# Synopsys DC compiler.
#
#
# #################################################
puts "INFO: Outputs"
INFO: Outputs
write -hier -format verilog -output ../outputs/${top_design}.dc.vg
Warning: Design 'riscv_core' has '3' unresolved references. For more detailed information, use the "link" command. (UID-341)
Writing verilog file '/u/saishree/ECE-581-W26/Final_Project/bottom_up_riscv_run/riscv_core/outputs/riscv_core.dc.vg'.
Warning: Verilog 'assign' or 'tran' statements are written out. (VO-4)
1
write -hier -format ddc     -output ../outputs/${top_design}.dc.ddc
Warning: Design 'riscv_core' has '3' unresolved references. For more detailed information, use the "link" command. (UID-341)
Writing ddc file '../outputs/riscv_core.dc.ddc'.
1
save_upf ../outputs/${top_design}.dc.upf
Warning: Design 'riscv_core' has '3' unresolved references. For more detailed information, use the "link" command. (UID-341)
1
1
puts "=== DC TOP END ==="
=== DC TOP END ===
dc_shell> report_timing
Warning: Design 'riscv_core' has '3' unresolved references. For more detailed information, use the "link" command. (UID-341)
 
****************************************
Report : timing
        -path full
        -delay max
        -max_paths 1
Design : riscv_core
Version: Q-2019.12-SP3
Date   : Mon Mar  9 17:47:57 2026
****************************************

 # A fanout number of 1000 was used for high fanout net computations.

Operating Conditions: ss0p95v125c   Library: saed32rvt_ss0p95v125c
Wire Load Model Mode: enclosed

  Startpoint: instruction[2]
              (input port clocked by clk)
  Endpoint: dmem/read_data_reg_2_
            (rising edge-triggered flip-flop clocked by clk)
  Path Group: clk
  Path Type: max

  Des/Clust/Port     Wire Load Model       Library
  ------------------------------------------------
  riscv_core         140000                saed32rvt_ss0p95v125c
  control            ForQA                 saed32rvt_ss0p95v125c
  data_mem           140000                saed32rvt_ss0p95v125c

  Point                                                   Incr       Path
  --------------------------------------------------------------------------
  clock clk (rise edge)                                   0.00       0.00
  clock network delay (ideal)                             0.00       0.00
  input external delay                                    0.30       0.30 f
  instruction[2] (in)                                     0.00       0.30 f
  ctrl/opcode[2] (control)                                0.00       0.30 f
  ctrl/U28/Y (INVX0_HVT)                                  0.02       0.32 r
  ctrl/U46/Y (AND4X1_RVT)                                 0.10       0.42 r
  ctrl/U45/Y (AND2X1_RVT)                                 0.08       0.49 r
  ctrl/U54/Y (AND3X1_HVT)                                 0.10       0.60 r
  ctrl/mem_read (control)                                 0.00       0.60 r
  U228/Y (INVX2_LVT)                                      0.03       0.62 f
  U227/Y (INVX8_LVT)                                      0.03       0.65 r
  dmem/mem_read (data_mem)                                0.00       0.65 r
  dmem/U12353/Y (AND2X2_HVT)                              0.16       0.81 r
  dmem/U11589/Y (NAND3X0_HVT)                             0.11       0.92 f
  dmem/U8852/Y (NOR3X0_HVT)                               0.15       1.07 r
  dmem/U10926/Y (NAND4X0_RVT)                             0.06       1.13 f
  dmem/U8814/Y (OR3X1_HVT)                                0.09       1.22 f
  dmem/U9962/Y (OR3X1_LVT)                                0.06       1.27 f
  dmem/U11439/Y (AND2X1_RVT)                              0.05       1.32 f
  dmem/read_data_reg_2_/D (SDFFARX1_HVT)                  0.00       1.32 f
  data arrival time                                                  1.32

  clock clk (rise edge)                                   1.41       1.41
  clock network delay (ideal)                             0.00       1.41
  dmem/read_data_reg_2_/CLK (SDFFARX1_HVT)                0.00       1.41 r
  library setup time                                     -0.17       1.24
  data required time                                                 1.24
  --------------------------------------------------------------------------
  data required time                                                 1.24
  data arrival time                                                 -1.32
  --------------------------------------------------------------------------
  slack (VIOLATED)                                                  -0.08


1
dc_shell> 