Info: [VCS_SAVE_RESTORE_INFO] ASLR (Address Space Layout Randomization) is detected on the machine. To enable $save functionality, ASLR will be switched off and simv re-executed.
Please use '-no_save' simv switch to avoid this.

                           Design Compiler Graphical 
                                 DC Ultra (TM)
                                  DFTMAX (TM)
                              Power Compiler (TM)
                                 DesignWare (R)
                                 DC Expert (TM)
                               Design Vision (TM)
                               HDL Compiler (TM)
                               VHDL Compiler (TM)
                                  DFT Compiler
                               Design Compiler(R)

               Version X-2025.06-SP4 for linux64 - Nov 25, 2025 

                    Copyright (c) 1988 - 2025 Synopsys, Inc.
   This software and the associated documentation are proprietary to Synopsys,
      Inc.  This software may only be used in accordance with the terms and
  conditions of a written license agreement with Synopsys, Inc.  All other use,
   reproduction, or distribution of this software is strictly prohibited.  By
   installing, accessing, using, or executing this software, you agree that it
  will reside on, operate within, and have access to the computers and networks
    where such software is used ("Host System"), and that Synopsys may access
     components and data of the Host System as necessary for it to function
 properly, to authenticate and validate license keys, to verify that it is used
 only in conformity with the applicable license restrictions, and to communicate
                 error messages and associated data to Synopsys.

Initializing...
Initializing gui preferences from file  /u/jgasaba2/.synopsys_dc_gui/preferences.tcl
Current time:       Tue Mar 10 18:35:41 2026
Hostname:           phobos.ece.pdx.edu
CPU Model:          Intel Xeon Processor (Cascadelake)
CPU Details:        Cores = 32 : Sockets = 32 : Cache Size = 16384 KB : Freq = 2.50 GHz
OS:                 Linux 5.14.0-611.34.1.el9_7.x86_64
RAM:                 62 GB (Free  50 GB)
Swap:                 9 GB (Free   9 GB)
Work Filesystem:    /u/jgasaba2 mounted to vol-lapis.cat.pdx.edu:/lapis/home/23/jgasaba2/rocky9
Tmp Filesystem:     / mounted to /dev/mapper/rl_phobos-root
Work Disk:          5785 GB (Free 5618 GB)
Tmp Disk:            59 GB (Free  44 GB)

CPU Load: 7%, Ram Free: 50 GB, Swap Free: 9 GB, Work Disk Free: 5618 GB, Tmp Disk Free: 44 GB
##################################################
# Top Level Synthesis Script 
# Sets up top-design name and sources scripts files
# Author: Venkatesh Patil (v.p@pdx.edu)
# ################################################
puts "=== DC TOP START ==="
=== DC TOP START ===
if { [info exists ::env(TOP)] } {
    set top_design $::env(TOP)
} elseif { ![info exists top_design] } {
    set top_design riscv_core
}
set script_dir [file dirname [info script]]
/u/jgasaba2/ece581_final_project/bottom_up_riscv_run/alu/syn/scripts
source -echo -verbose $script_dir/dc_setup.tcl
####################################################
# For ECE-581 Class
# Author: Venkatesh Patil (v.p@pdx.edu)
# Modular Script: Initialization and setup for DC
# Sets design-independent variables: corners, libs, RTL, clocks, directories
####################################################
puts "INFO: Setup and reset"
INFO: Setup and reset
# --------------------------------------------------
# Reset previous designs if any
# --------------------------------------------------
if { [list_designs] != 0 } {
    reset_design
    remove_design -designs
}
Warning: No designs to list. (UID-275)
# --------------------------------------------------
# Design / Flow Options
# --------------------------------------------------
# These control optional features of the flow
set add_ios 0                        ;# Insert IO pad cells
0
set pad_design 1                      ;# Pad the design
1
set dc_floorplanning 1                ;# Enable floorplanning
1
set enable_dft 0                      ;# Enable DFT (0 = off)
0
set innovus_enable_manual_macro_placement 0 ;# Manual macro placement in Innovus
0
set design_size {580 580}             ;# Width x Height of the design
580 580
set design_io_border 310              ;# Border for IO placement
310
# --------------------------------------------------
# Library base directory
# --------------------------------------------------
# Can override via environment variable LIB_DIR
if { [info exists ::env(LIB_DIR)] } {
    set lib_dir $::env(LIB_DIR)
} else {
    set lib_dir /pkgs/synopsys/2020/32_28nm/SAED32_EDK/lib
}
/pkgs/synopsys/2020/32_28nm/SAED32_EDK/lib
# --------------------------------------------------
# RTL Files
# --------------------------------------------------
# List of RTL files for the design
# top_design must be set in top-level script or Makefile
# --------------------------------------------------
# RTL directory (from Makefile)
# --------------------------------------------------
if { [info exists ::env(RTLDIR)] } {
    set rtl_dir $::env(RTLDIR)
} else {
    error "RTLDIR not set. Run DC via Makefile."
}
/u/jgasaba2/ece581_final_project/bottom_up_riscv_run/alu/syn/rtl
puts "INFO: RTL directory = $rtl_dir"
INFO: RTL directory = /u/jgasaba2/ece581_final_project/bottom_up_riscv_run/alu/syn/rtl
#set rtl_list [list ${rtl_dir}/${top_design}.sv ${rtl_dir}/alu.sv  ${rtl_dir}/control.sv ${rtl_dir}/regfile.sv \
 #             ${rtl_dir}/data_mem.sv  ${rtl_dir}/imm_gen.sv  ${rtl_dir}/pc.sv]
set rtl_list [list ${rtl_dir}/${top_design}.sv]
/u/jgasaba2/ece581_final_project/bottom_up_riscv_run/alu/syn/rtl/alu.sv
# --------------------------------------------------
# Corner / Timing settings
# --------------------------------------------------
set slow_corner "ss0p95v125c_2p25v ss0p95v125c ss0p75v125c_i0p75v"
ss0p95v125c_2p25v ss0p95v125c ss0p75v125c_i0p75v
set fast_corner "ff0p95vn40c ff1p16vn40c_2p75v ff1p16vn40c"
ff0p95vn40c ff1p16vn40c_2p75v ff1p16vn40c
set synth_corners $slow_corner
ss0p95v125c_2p25v ss0p95v125c ss0p75v125c_i0p75v
set synth_corners_target "ss0p95v125c"
ss0p95v125c
set synth_corners_slow $slow_corner
ss0p95v125c_2p25v ss0p95v125c ss0p75v125c_i0p75v
set synth_corners_fast $fast_corner
ff0p95vn40c ff1p16vn40c_2p75v ff1p16vn40c
set slow_metal Cmax_125
Cmax_125
set fast_metal Cmax_125
Cmax_125
# --------------------------------------------------
# Library types for DC
# --------------------------------------------------
# Libraries used in link_library and target_library
set lib_types "$lib_dir/io_std/db_nldm $lib_dir/sram_lp/db_nldm $lib_dir/pll/db_nldm"
/pkgs/synopsys/2020/32_28nm/SAED32_EDK/lib/io_std/db_nldm /pkgs/synopsys/2020/32_28nm/SAED32_EDK/lib/sram_lp/db_nldm /pkgs/synopsys/2020/32_28nm/SAED32_EDK/lib/pll/db_nldm
set ndm_types "$lib_dir/stdcell_rvt/ndm $lib_dir/stdcell_hvt/ndm $lib_dir/sram_lp/ndm $lib_dir/io_std/ndm $lib_dir/pll/ndm"
/pkgs/synopsys/2020/32_28nm/SAED32_EDK/lib/stdcell_rvt/ndm /pkgs/synopsys/2020/32_28nm/SAED32_EDK/lib/stdcell_hvt/ndm /pkgs/synopsys/2020/32_28nm/SAED32_EDK/lib/sram_lp/ndm /pkgs/synopsys/2020/32_28nm/SAED32_EDK/lib/io_std/ndm /pkgs/synopsys/2020/32_28nm/SAED32_EDK/lib/pll/ndm
# Enable for NLDM libraries
set lib_types_target {}
lappend lib_types_target "$lib_dir/stdcell_rvt/db_nldm"
/pkgs/synopsys/2020/32_28nm/SAED32_EDK/lib/stdcell_rvt/db_nldm
lappend lib_types_target "$lib_dir/stdcell_hvt/db_nldm"
/pkgs/synopsys/2020/32_28nm/SAED32_EDK/lib/stdcell_rvt/db_nldm /pkgs/synopsys/2020/32_28nm/SAED32_EDK/lib/stdcell_hvt/db_nldm
lappend lib_types_target "$lib_dir/stdcell_lvt/db_nldm"
/pkgs/synopsys/2020/32_28nm/SAED32_EDK/lib/stdcell_rvt/db_nldm /pkgs/synopsys/2020/32_28nm/SAED32_EDK/lib/stdcell_hvt/db_nldm /pkgs/synopsys/2020/32_28nm/SAED32_EDK/lib/stdcell_lvt/db_nldm
# Enable for CCS libraries
#set lib_types_target {}
#lappend lib_types_target "$lib_dir/stdcell_rvt/db_ccs"
#lappend lib_types_target "$lib_dir/stdcell_hvt/db_ccs"
#lappend lib_types_target "$lib_dir/stdcell_lvt/db_ccs"
set sub_lib_type "saed32?vt_ saed32sramlp_ saed32io_wb_ saed32pll_"
saed32?vt_ saed32sramlp_ saed32io_wb_ saed32pll_
# Choose Multi-vt target library
set sub_lib_type_target {}
lappend sub_lib_type_target "saed32rvt_"
saed32rvt_
lappend sub_lib_type_target "saed32hvt_"
saed32rvt_ saed32hvt_
lappend sub_lib_type_target "saed32lvt_"
saed32rvt_ saed32hvt_ saed32lvt_
# LEF files for floorplanning
set lef_types [list \ 
    $lib_dir/stdcell_hvt/lef \
    $lib_dir/stdcell_rvt/lef \
    $lib_dir/stdcell_lvt/lef \
    $lib_dir/sram_lp/lef \
    $lib_dir/io_std/lef \
    $lib_dir/pll/lef \
]
Error: unknown command '/pkgs/synopsys/2020/32_28nm/SAED32_EDK/lib/stdcell_hvt/lef' (CMD-005)
set sub_lef_type "saed32nm_?vt_*.lef saed32_sram_lp_*.lef saed32io_std_wb saed32_PLL.lef"
saed32nm_?vt_*.lef saed32_sram_lp_*.lef saed32io_std_wb saed32_PLL.lef
# Milkyway libraries for ICC2 / DC
set mwlib_types [list \
    $lib_dir/stdcell_hvt/milkyway \
    $lib_dir/stdcell_rvt/milkyway \
    $lib_dir/stdcell_lvt/milkyway \
    $lib_dir/io_std/milkyway \
    $lib_dir/sram_lp/milkyway \
    $lib_dir/pll/milkyway \
]
/pkgs/synopsys/2020/32_28nm/SAED32_EDK/lib/stdcell_hvt/milkyway /pkgs/synopsys/2020/32_28nm/SAED32_EDK/lib/stdcell_rvt/milkyway /pkgs/synopsys/2020/32_28nm/SAED32_EDK/lib/stdcell_lvt/milkyway /pkgs/synopsys/2020/32_28nm/SAED32_EDK/lib/io_std/milkyway /pkgs/synopsys/2020/32_28nm/SAED32_EDK/lib/sram_lp/milkyway /pkgs/synopsys/2020/32_28nm/SAED32_EDK/lib/pll/milkyway
set sub_mwlib_type "saed32nm_?vt_* saed32sram_lp saed32io_wb_* SAED32_PLL_FR*"
saed32nm_?vt_* saed32sram_lp saed32io_wb_* SAED32_PLL_FR*
# --------------------------------------------------
# Project directories
# --------------------------------------------------
file mkdir ../work
file mkdir ../reports
file mkdir ../outputs
puts "INFO: DC setup complete for ${top_design}"
INFO: DC setup complete for alu
source -echo -verbose $script_dir/dc_libraries.tcl
####################################################
# For ECE-581 Class
# Author: Venkatesh Patil (v.p@pdx.edu)
# Modular Script: Setup libraries for Synopsys DC
# Configures target and link libraries for synthesis
####################################################
puts "INFO: Setting up libraries..."
INFO: Setting up libraries...
# --------------------------------------------------
# Base library directories
# --------------------------------------------------
# lib_dir should be a common variable defined in dc_setup.tcl
# synthetic_library is the DW Foundation library for synthesis
set lib_dir /pkgs/synopsys/2020/32_28nm/SAED32_EDK/lib
/pkgs/synopsys/2020/32_28nm/SAED32_EDK/lib
set synthetic_library /pkgs/synopsys/2020/design_compiler/syn/Q-2019.12-SP3/libraries/syn/dw_foundation.sldb
/pkgs/synopsys/2020/design_compiler/syn/Q-2019.12-SP3/libraries/syn/dw_foundation.sldb
# --------------------------------------------------
# Construct search path for all library types
# --------------------------------------------------
# lib_types should be defined in dc_setup.tcl
set search_path ""
foreach lib $lib_types { lappend search_path $lib }
# Add local directory at the end of search path
lappend search_path .
/pkgs/synopsys/2020/32_28nm/SAED32_EDK/lib/io_std/db_nldm /pkgs/synopsys/2020/32_28nm/SAED32_EDK/lib/sram_lp/db_nldm /pkgs/synopsys/2020/32_28nm/SAED32_EDK/lib/pll/db_nldm .
# --------------------------------------------------
# Construct link_library for Design Compiler
# Includes all standard cells, I/Os, SRAMs, PLLs, and DW Foundation
# --------------------------------------------------
set link_library ""
foreach path $search_path {
    foreach corner $synth_corners {
        foreach sublib $sub_lib_type {
            foreach dbfile [glob -nocomplain $path/$sublib$corner.db] {
                lappend link_library $dbfile
            }
        }
    }
}
# Append DW Foundation and wildcard for other libraries
lappend link_library $synthetic_library *
/pkgs/synopsys/2020/32_28nm/SAED32_EDK/lib/io_std/db_nldm/saed32io_wb_ss0p95v125c_2p25v.db /pkgs/synopsys/2020/32_28nm/SAED32_EDK/lib/sram_lp/db_nldm/saed32sramlp_ss0p75v125c_i0p75v.db /pkgs/synopsys/2020/32_28nm/SAED32_EDK/lib/pll/db_nldm/saed32pll_ss0p95v125c_2p25v.db /pkgs/synopsys/2020/design_compiler/syn/Q-2019.12-SP3/libraries/syn/dw_foundation.sldb *
# Apply to DC
set_app_var link_library $link_library
/pkgs/synopsys/2020/32_28nm/SAED32_EDK/lib/io_std/db_nldm/saed32io_wb_ss0p95v125c_2p25v.db /pkgs/synopsys/2020/32_28nm/SAED32_EDK/lib/sram_lp/db_nldm/saed32sramlp_ss0p75v125c_i0p75v.db /pkgs/synopsys/2020/32_28nm/SAED32_EDK/lib/pll/db_nldm/saed32pll_ss0p95v125c_2p25v.db /pkgs/synopsys/2020/design_compiler/syn/Q-2019.12-SP3/libraries/syn/dw_foundation.sldb *
# --------------------------------------------------
# Construct target_library for synthesis output
# Only includes target corner libraries (HVT/RVT)
# --------------------------------------------------
set target_library ""
foreach path $lib_types_target {
    foreach corner $synth_corners_target {
        foreach sublib $sub_lib_type_target {
            foreach dbfile [glob -nocomplain $path/$sublib$corner*.db] {
                lappend target_library $dbfile
            }
        }
    }
}
set_app_var target_library $target_library
/pkgs/synopsys/2020/32_28nm/SAED32_EDK/lib/stdcell_rvt/db_nldm/saed32rvt_ss0p95v125c.db /pkgs/synopsys/2020/32_28nm/SAED32_EDK/lib/stdcell_hvt/db_nldm/saed32hvt_ss0p95v125c.db /pkgs/synopsys/2020/32_28nm/SAED32_EDK/lib/stdcell_lvt/db_nldm/saed32lvt_ss0p95v125c.db
# include  R/V/L VT libraries explicitly as needed.
lappend link_library $lib_dir/stdcell_rvt/db_nldm/saed32rvt_ss0p95v125c.db
/pkgs/synopsys/2020/32_28nm/SAED32_EDK/lib/io_std/db_nldm/saed32io_wb_ss0p95v125c_2p25v.db /pkgs/synopsys/2020/32_28nm/SAED32_EDK/lib/sram_lp/db_nldm/saed32sramlp_ss0p75v125c_i0p75v.db /pkgs/synopsys/2020/32_28nm/SAED32_EDK/lib/pll/db_nldm/saed32pll_ss0p95v125c_2p25v.db /pkgs/synopsys/2020/design_compiler/syn/Q-2019.12-SP3/libraries/syn/dw_foundation.sldb * /pkgs/synopsys/2020/32_28nm/SAED32_EDK/lib/stdcell_rvt/db_nldm/saed32rvt_ss0p95v125c.db
lappend link_library $lib_dir/stdcell_hvt/db_nldm/saed32hvt_ss0p95v125c.db
/pkgs/synopsys/2020/32_28nm/SAED32_EDK/lib/io_std/db_nldm/saed32io_wb_ss0p95v125c_2p25v.db /pkgs/synopsys/2020/32_28nm/SAED32_EDK/lib/sram_lp/db_nldm/saed32sramlp_ss0p75v125c_i0p75v.db /pkgs/synopsys/2020/32_28nm/SAED32_EDK/lib/pll/db_nldm/saed32pll_ss0p95v125c_2p25v.db /pkgs/synopsys/2020/design_compiler/syn/Q-2019.12-SP3/libraries/syn/dw_foundation.sldb * /pkgs/synopsys/2020/32_28nm/SAED32_EDK/lib/stdcell_rvt/db_nldm/saed32rvt_ss0p95v125c.db /pkgs/synopsys/2020/32_28nm/SAED32_EDK/lib/stdcell_hvt/db_nldm/saed32hvt_ss0p95v125c.db
lappend link_library $lib_dir/stdcell_lvt/db_nldm/saed32lvt_ss0p95v125c.db
/pkgs/synopsys/2020/32_28nm/SAED32_EDK/lib/io_std/db_nldm/saed32io_wb_ss0p95v125c_2p25v.db /pkgs/synopsys/2020/32_28nm/SAED32_EDK/lib/sram_lp/db_nldm/saed32sramlp_ss0p75v125c_i0p75v.db /pkgs/synopsys/2020/32_28nm/SAED32_EDK/lib/pll/db_nldm/saed32pll_ss0p95v125c_2p25v.db /pkgs/synopsys/2020/design_compiler/syn/Q-2019.12-SP3/libraries/syn/dw_foundation.sldb * /pkgs/synopsys/2020/32_28nm/SAED32_EDK/lib/stdcell_rvt/db_nldm/saed32rvt_ss0p95v125c.db /pkgs/synopsys/2020/32_28nm/SAED32_EDK/lib/stdcell_hvt/db_nldm/saed32hvt_ss0p95v125c.db /pkgs/synopsys/2020/32_28nm/SAED32_EDK/lib/stdcell_lvt/db_nldm/saed32lvt_ss0p95v125c.db
puts "INFO: Library setup completed"
INFO: Library setup completed
source -echo -verbose $script_dir/dc_analyze.tcl
####################################################
# For ECE-581 Class
# Author: Venkatesh Patil (v.p@pdx.edu)
# Modular Script: Analyze and Elaborate RTL
# for Synopsys Design Compiler (DC)
# Sources I/O insertion scripts if enabled
####################################################
puts "INFO: Starting Analyze and Elaborate stage"
INFO: Starting Analyze and Elaborate stage
# --------------------------------------------------
# Analyze the RTL
# --------------------------------------------------
echo "analyze -format sverilog -define SYNTHESIS $rtl_list"
analyze -format sverilog -define SYNTHESIS /u/jgasaba2/ece581_final_project/bottom_up_riscv_run/alu/syn/rtl/alu.sv
analyze -format sverilog -define SYNTHESIS $rtl_list
Running PRESTO HDLC
Compiling source file /u/jgasaba2/ece581_final_project/bottom_up_riscv_run/alu/syn/rtl/alu.sv
Presto compilation completed successfully.
Loading db file '/pkgs/synopsys/2020/32_28nm/SAED32_EDK/lib/io_std/db_nldm/saed32io_wb_ss0p95v125c_2p25v.db'
Loading db file '/pkgs/synopsys/2020/32_28nm/SAED32_EDK/lib/sram_lp/db_nldm/saed32sramlp_ss0p75v125c_i0p75v.db'
Loading db file '/pkgs/synopsys/2020/32_28nm/SAED32_EDK/lib/pll/db_nldm/saed32pll_ss0p95v125c_2p25v.db'
Loading db file '/pkgs/synopsys/2020/design_compiler/syn/Q-2019.12-SP3/libraries/syn/dw_foundation.sldb'
Loading db file '/pkgs/synopsys/2020/32_28nm/SAED32_EDK/lib/stdcell_rvt/db_nldm/saed32rvt_ss0p95v125c.db'
Loading db file '/pkgs/synopsys/2020/32_28nm/SAED32_EDK/lib/stdcell_hvt/db_nldm/saed32hvt_ss0p95v125c.db'
Loading db file '/pkgs/synopsys/2020/32_28nm/SAED32_EDK/lib/stdcell_lvt/db_nldm/saed32lvt_ss0p95v125c.db'
1
# --------------------------------------------------
# Elaborate top-level design
# --------------------------------------------------
elaborate $top_design
Loading db file '/pkgs/synopsys/2025/design_compiler/syn/X-2025.06-SP4/libraries/syn/gtech.db'
Loading db file '/pkgs/synopsys/2025/design_compiler/syn/X-2025.06-SP4/libraries/syn/standard.sldb'
  Loading link library 'saed32io_wb_ss0p95v125c_2p25v'
  Loading link library 'saed32sramlp_ss0p75v125c_i0p75v'
  Loading link library 'saed32pll_ss0p95v125c_2p25v'
  Loading link library 'saed32rvt_ss0p95v125c'
  Loading link library 'saed32hvt_ss0p95v125c'
  Loading link library 'saed32lvt_ss0p95v125c'
  Loading link library 'gtech'
Running PRESTO HDLC

Statistics for case statements in always block in file
	'/u/jgasaba2/ece581_final_project/bottom_up_riscv_run/alu/syn/rtl/alu.sv'
==========================================================
|    Line    |  full/ parallel  |     block location     |
==========================================================
|     10     |    auto/auto     | always block at line 9 |
==========================================================
Presto compilation completed successfully. (alu)
Module: alu, Ports: 101, Input: 68, Output: 33, Inout: 0
Module: alu, Registers: 0, Async set/reset: 0, Sync set/reset: 0
Information: Module alu report end. (ELAB-965)
Elaborated 1 design.
Current design is now 'alu'.
1
current_design $top_design
Current design is 'alu'.
{alu}
link

  Linking design 'alu'
  Using the following designs and libraries:
  --------------------------------------------------------------------------
  alu                         /u/jgasaba2/ece581_final_project/bottom_up_riscv_run/alu/syn/alu.db
  saed32io_wb_ss0p95v125c_2p25v (library) /pkgs/synopsys/2020/32_28nm/SAED32_EDK/lib/io_std/db_nldm/saed32io_wb_ss0p95v125c_2p25v.db
  saed32sramlp_ss0p75v125c_i0p75v (library) /pkgs/synopsys/2020/32_28nm/SAED32_EDK/lib/sram_lp/db_nldm/saed32sramlp_ss0p75v125c_i0p75v.db
  saed32pll_ss0p95v125c_2p25v (library) /pkgs/synopsys/2020/32_28nm/SAED32_EDK/lib/pll/db_nldm/saed32pll_ss0p95v125c_2p25v.db
  dw_foundation.sldb (library) /pkgs/synopsys/2020/design_compiler/syn/Q-2019.12-SP3/libraries/syn/dw_foundation.sldb
  saed32rvt_ss0p95v125c (library) /pkgs/synopsys/2020/32_28nm/SAED32_EDK/lib/stdcell_rvt/db_nldm/saed32rvt_ss0p95v125c.db
  saed32hvt_ss0p95v125c (library) /pkgs/synopsys/2020/32_28nm/SAED32_EDK/lib/stdcell_hvt/db_nldm/saed32hvt_ss0p95v125c.db
  saed32lvt_ss0p95v125c (library) /pkgs/synopsys/2020/32_28nm/SAED32_EDK/lib/stdcell_lvt/db_nldm/saed32lvt_ss0p95v125c.db

Information: Summary of messages issued during linking: (LINK-1806)
No messages were issued during linking.
1
# --------------------------------------------------
# Standardize names for hierarchical output
# --------------------------------------------------
change_names -rules verilog -hierarchy
Warning: The specified replacement character (_) is conflicting with the specified allowed or restricted character.   (UCN-4)
1
# --------------------------------------------------
# Optional: Insert I/O pad cells
# --------------------------------------------------
if { [info exists add_ios] && $add_ios } {
    puts "INFO: Inserting I/O pad cells"
    source $script_dir/add_ios.tcl
    source $script_dir/${top_design}.add_ios.tcl
}
puts "INFO: Analyze and Elaborate stage completed"
INFO: Analyze and Elaborate stage completed
source -echo -verbose $script_dir/dc_constraints.tcl
####################################################
# For ECE-581 Class
# Author: Venaktesh Patil (v.p@pdx.edu)
# Placeholder script for any design constraints
# before/after sdc file is sourced
# Synopsys DC compiler
# #################################################
source ../constraints/${top_design}.sdc
Warning: Creating virtual clock named 'vclk' with no sources. (UID-348)
Warning: Design rule attributes from the driving cell will be set on the port 'a[31]'. (UID-401)
Warning: Design rule attributes from the driving cell will be set on the port 'a[30]'. (UID-401)
Warning: Design rule attributes from the driving cell will be set on the port 'a[29]'. (UID-401)
Warning: Design rule attributes from the driving cell will be set on the port 'a[28]'. (UID-401)
Warning: Design rule attributes from the driving cell will be set on the port 'a[27]'. (UID-401)
Warning: Design rule attributes from the driving cell will be set on the port 'a[26]'. (UID-401)
Warning: Design rule attributes from the driving cell will be set on the port 'a[25]'. (UID-401)
Warning: Design rule attributes from the driving cell will be set on the port 'a[24]'. (UID-401)
Warning: Design rule attributes from the driving cell will be set on the port 'a[23]'. (UID-401)
Warning: Design rule attributes from the driving cell will be set on the port 'a[22]'. (UID-401)
Warning: Design rule attributes from the driving cell will be set on the port 'a[21]'. (UID-401)
Warning: Design rule attributes from the driving cell will be set on the port 'a[20]'. (UID-401)
Warning: Design rule attributes from the driving cell will be set on the port 'a[19]'. (UID-401)
Warning: Design rule attributes from the driving cell will be set on the port 'a[18]'. (UID-401)
Warning: Design rule attributes from the driving cell will be set on the port 'a[17]'. (UID-401)
Warning: Design rule attributes from the driving cell will be set on the port 'a[16]'. (UID-401)
Warning: Design rule attributes from the driving cell will be set on the port 'a[15]'. (UID-401)
Warning: Design rule attributes from the driving cell will be set on the port 'a[14]'. (UID-401)
Warning: Design rule attributes from the driving cell will be set on the port 'a[13]'. (UID-401)
Warning: Design rule attributes from the driving cell will be set on the port 'a[12]'. (UID-401)
Warning: Design rule attributes from the driving cell will be set on the port 'a[11]'. (UID-401)
Warning: Design rule attributes from the driving cell will be set on the port 'a[10]'. (UID-401)
Warning: Design rule attributes from the driving cell will be set on the port 'a[9]'. (UID-401)
Warning: Design rule attributes from the driving cell will be set on the port 'a[8]'. (UID-401)
Warning: Design rule attributes from the driving cell will be set on the port 'a[7]'. (UID-401)
Warning: Design rule attributes from the driving cell will be set on the port 'a[6]'. (UID-401)
Warning: Design rule attributes from the driving cell will be set on the port 'a[5]'. (UID-401)
Warning: Design rule attributes from the driving cell will be set on the port 'a[4]'. (UID-401)
Warning: Design rule attributes from the driving cell will be set on the port 'a[3]'. (UID-401)
Warning: Design rule attributes from the driving cell will be set on the port 'a[2]'. (UID-401)
Warning: Design rule attributes from the driving cell will be set on the port 'a[1]'. (UID-401)
Warning: Design rule attributes from the driving cell will be set on the port 'a[0]'. (UID-401)
Warning: Design rule attributes from the driving cell will be set on the port 'b[31]'. (UID-401)
Warning: Design rule attributes from the driving cell will be set on the port 'b[30]'. (UID-401)
Warning: Design rule attributes from the driving cell will be set on the port 'b[29]'. (UID-401)
Warning: Design rule attributes from the driving cell will be set on the port 'b[28]'. (UID-401)
Warning: Design rule attributes from the driving cell will be set on the port 'b[27]'. (UID-401)
Warning: Design rule attributes from the driving cell will be set on the port 'b[26]'. (UID-401)
Warning: Design rule attributes from the driving cell will be set on the port 'b[25]'. (UID-401)
Warning: Design rule attributes from the driving cell will be set on the port 'b[24]'. (UID-401)
Warning: Design rule attributes from the driving cell will be set on the port 'b[23]'. (UID-401)
Warning: Design rule attributes from the driving cell will be set on the port 'b[22]'. (UID-401)
Warning: Design rule attributes from the driving cell will be set on the port 'b[21]'. (UID-401)
Warning: Design rule attributes from the driving cell will be set on the port 'b[20]'. (UID-401)
Warning: Design rule attributes from the driving cell will be set on the port 'b[19]'. (UID-401)
Warning: Design rule attributes from the driving cell will be set on the port 'b[18]'. (UID-401)
Warning: Design rule attributes from the driving cell will be set on the port 'b[17]'. (UID-401)
Warning: Design rule attributes from the driving cell will be set on the port 'b[16]'. (UID-401)
Warning: Design rule attributes from the driving cell will be set on the port 'b[15]'. (UID-401)
Warning: Design rule attributes from the driving cell will be set on the port 'b[14]'. (UID-401)
Warning: Design rule attributes from the driving cell will be set on the port 'b[13]'. (UID-401)
Warning: Design rule attributes from the driving cell will be set on the port 'b[12]'. (UID-401)
Warning: Design rule attributes from the driving cell will be set on the port 'b[11]'. (UID-401)
Warning: Design rule attributes from the driving cell will be set on the port 'b[10]'. (UID-401)
Warning: Design rule attributes from the driving cell will be set on the port 'b[9]'. (UID-401)
Warning: Design rule attributes from the driving cell will be set on the port 'b[8]'. (UID-401)
Warning: Design rule attributes from the driving cell will be set on the port 'b[7]'. (UID-401)
Warning: Design rule attributes from the driving cell will be set on the port 'b[6]'. (UID-401)
Warning: Design rule attributes from the driving cell will be set on the port 'b[5]'. (UID-401)
Warning: Design rule attributes from the driving cell will be set on the port 'b[4]'. (UID-401)
Warning: Design rule attributes from the driving cell will be set on the port 'b[3]'. (UID-401)
Warning: Design rule attributes from the driving cell will be set on the port 'b[2]'. (UID-401)
Warning: Design rule attributes from the driving cell will be set on the port 'b[1]'. (UID-401)
Warning: Design rule attributes from the driving cell will be set on the port 'b[0]'. (UID-401)
Warning: Design rule attributes from the driving cell will be set on the port 'alu_ctrl[3]'. (UID-401)
Warning: Design rule attributes from the driving cell will be set on the port 'alu_ctrl[2]'. (UID-401)
Warning: Design rule attributes from the driving cell will be set on the port 'alu_ctrl[1]'. (UID-401)
Warning: Design rule attributes from the driving cell will be set on the port 'alu_ctrl[0]'. (UID-401)
1
# Add additional constraints or overwrite constraints
# 
source -echo -verbose $script_dir/dc_compile.tcl
####################################################
# For ECE-581 Class
# Author: Venaktesh Patil (v.p@pdx.edu)
# Modular Script to compile given RTL design for 
# Synopsys DC compiler
# Preserves hierarchy
# Modify as needed.
# #################################################
puts "INFO: Compile"
INFO: Compile
set_dont_use [get_lib_cells */DELLN*]
1
uniquify
1
compile_ultra -scan
Information: Performing leakage power optimization. (PWR-850)
CPU Load: 7%, Ram Free: 50 GB, Swap Free: 9 GB, Work Disk Free: 5618 GB, Tmp Disk Free: 44 GB
Analyzing: "/pkgs/synopsys/2020/32_28nm/SAED32_EDK/lib/stdcell_rvt/db_nldm/saed32rvt_ss0p95v125c.db"
Analyzing: "/pkgs/synopsys/2020/32_28nm/SAED32_EDK/lib/stdcell_hvt/db_nldm/saed32hvt_ss0p95v125c.db"
Analyzing: "/pkgs/synopsys/2020/32_28nm/SAED32_EDK/lib/stdcell_lvt/db_nldm/saed32lvt_ss0p95v125c.db"
Library analysis succeeded.
Information: Choosing a test methodology will restrict the optimization of sequential cells. (UIO-12)
Information: Evaluating DesignWare library utilization. (UISN-27)

============================================================================
| DesignWare Building Block Library  |         Version         | Available |
============================================================================
| Basic DW Building Blocks           | X-2025.06-DWBB_202506.4 |     *     |
| Licensed DW Building Blocks        | Q-2019.12-DWBB_201912.3 |     *     |
============================================================================

====================================================================================================
| Flow Information                                                                                 |
----------------------------------------------------------------------------------------------------
| Flow         | Design Compiler WLM                                                               |
| Command Line | compile_ultra -scan                                                               |
====================================================================================================
| Design Information                                      | Value                                  |
====================================================================================================
| Number of Scenarios                                     | 0                                      |
| Leaf Cell Count                                         | 166                                    |
| Number of User Hierarchies                              | 0                                      |
| Sequential Cell Count                                   | 0                                      |
| Macro Count                                             | 0                                      |
| Pad Count                                               | 0                                      |
| Number of Power Domains                                 | 0                                      |
| Number of Path Groups                                   | 3                                      |
| Number of VT Class                                      | 3                                      |
| Number of Clocks                                        | 1                                      |
| Number of Dont Touch Cells                              | 20                                     |
| Number of Dont Touch Nets                               | 0                                      |
| Number of Size Only Cells                               | 0                                      |
| Design with Target Library Subset (with clock_path)     | false  (false )                        |
| Design with UPF Data                                    | false                                  |
====================================================================================================
Information: Sequential output inversion is enabled.  SVF file must be used for formal verification. (OPT-1208)

Information: There are 3 potential problems in your design. Please run 'check_design' for more information. (LINT-99)

  Simplifying Design 'alu'

Loaded alib file './alib-52/saed32rvt_ss0p95v125c.db.alib' (placeholder)
Loaded alib file './alib-52/saed32hvt_ss0p95v125c.db.alib'
Loaded alib file './alib-52/saed32lvt_ss0p95v125c.db.alib' (placeholder)
Module: DW01_NAND2, Ports: 3, Input: 2, Output: 1, Inout: 0
Module: DW01_NAND2, Registers: 0, Async set/reset: 0, Sync set/reset: 0
  Building model 'DW01_NAND2'
Information: Ungrouping 0 of 1 hierarchies before Pass 1 (OPT-775)
CPU Load: 11%, Ram Free: 49 GB, Swap Free: 9 GB, Work Disk Free: 5618 GB, Tmp Disk Free: 44 GB
Information: State dependent leakage is now switched from on to off.

  Beginning Pass 1 Mapping
  ------------------------
  Processing 'alu'
 Implement Synthetic for 'alu'.
CPU Load: 11%, Ram Free: 49 GB, Swap Free: 9 GB, Work Disk Free: 5618 GB, Tmp Disk Free: 44 GB

  Updating timing information
Information: Updating design information... (UID-85)
Information: The library cell 'PMT3_RVT' in the library 'saed32rvt_ss0p95v125c' is not characterized for internal power. (PWR-536)
Information: The library cell 'PMT2_RVT' in the library 'saed32rvt_ss0p95v125c' is not characterized for internal power. (PWR-536)
Information: The library cell 'PMT1_RVT' in the library 'saed32rvt_ss0p95v125c' is not characterized for internal power. (PWR-536)
Information: The library cell 'NMT3_RVT' in the library 'saed32rvt_ss0p95v125c' is not characterized for internal power. (PWR-536)
Information: The library cell 'NMT2_RVT' in the library 'saed32rvt_ss0p95v125c' is not characterized for internal power. (PWR-536)
Information: The library cell 'NMT1_RVT' in the library 'saed32rvt_ss0p95v125c' is not characterized for internal power. (PWR-536)
Information: The library cell 'PMT3_HVT' in the library 'saed32hvt_ss0p95v125c' is not characterized for internal power. (PWR-536)
Information: The library cell 'PMT2_HVT' in the library 'saed32hvt_ss0p95v125c' is not characterized for internal power. (PWR-536)
Information: The library cell 'PMT1_HVT' in the library 'saed32hvt_ss0p95v125c' is not characterized for internal power. (PWR-536)
Information: The library cell 'NMT3_HVT' in the library 'saed32hvt_ss0p95v125c' is not characterized for internal power. (PWR-536)
Information: The library cell 'NMT2_HVT' in the library 'saed32hvt_ss0p95v125c' is not characterized for internal power. (PWR-536)
Information: The library cell 'NMT1_HVT' in the library 'saed32hvt_ss0p95v125c' is not characterized for internal power. (PWR-536)
Information: The library cell 'PMT3_LVT' in the library 'saed32lvt_ss0p95v125c' is not characterized for internal power. (PWR-536)
Information: The library cell 'PMT2_LVT' in the library 'saed32lvt_ss0p95v125c' is not characterized for internal power. (PWR-536)
Information: The library cell 'PMT1_LVT' in the library 'saed32lvt_ss0p95v125c' is not characterized for internal power. (PWR-536)
Information: The library cell 'NMT3_LVT' in the library 'saed32lvt_ss0p95v125c' is not characterized for internal power. (PWR-536)
Information: The library cell 'NMT2_LVT' in the library 'saed32lvt_ss0p95v125c' is not characterized for internal power. (PWR-536)
Information: The library cell 'NMT1_LVT' in the library 'saed32lvt_ss0p95v125c' is not characterized for internal power. (PWR-536)
Information: The target library(s) contains cell(s), other than black boxes, that are not characterized for internal power. (PWR-24)
Information: Automatic shift-register identification is enabled for scan. Not all registers will be scan-replaced. (OPT-467)

Threshold voltage group cell usage:
>> saed32cell_hvt 100.00%, saed32cell_lvt 0.00%, saed32cell_svt 0.00%

  Beginning Mapping Optimizations  (Ultra High effort)
  -------------------------------
Information: Added key list 'DesignWare' to design 'alu'. (DDB-72)
  Mapping Optimization (Phase 1)
  Mapping Optimization (Phase 2)

                                  TOTAL                                                
   ELAPSED            WORST NEG   SETUP    DESIGN                              LEAKAGE 
    TIME      AREA      SLACK     COST    RULE COST         ENDPOINT            POWER  
  --------- --------- --------- --------- --------- ------------------------- ---------
    0:00:06    2148.0      0.74      15.7       0.0                           877167744.0000
    0:00:06    2148.0      0.74      15.7       0.0                           877167744.0000

Threshold voltage group cell usage:
>> saed32cell_hvt 0.00%, saed32cell_lvt 100.00%, saed32cell_svt 0.00%

  Beginning Constant Register Removal
  -----------------------------------
    0:00:06    2148.0      0.74      15.7       0.0                           877167744.0000
    0:00:06    2148.0      0.74      15.7       0.0                           877167744.0000

Threshold voltage group cell usage:
>> saed32cell_hvt 0.00%, saed32cell_lvt 100.00%, saed32cell_svt 0.00%

  Beginning Global Optimizations
  ------------------------------
  Numerical Synthesis (Phase 1)
  Numerical Synthesis (Phase 2)
  Global Optimization (Phase 1)
  Global Optimization (Phase 2)
  Global Optimization (Phase 3)
  Global Optimization (Phase 4)
  Global Optimization (Phase 5)
  Global Optimization (Phase 6)
  Global Optimization (Phase 7)
  Global Optimization (Phase 8)
  Global Optimization (Phase 9)
  Global Optimization (Phase 10)
  Global Optimization (Phase 11)
  Global Optimization (Phase 12)
  Global Optimization (Phase 13)
  Global Optimization (Phase 14)
  Global Optimization (Phase 15)
  Global Optimization (Phase 16)
  Global Optimization (Phase 17)
  Global Optimization (Phase 18)
  Global Optimization (Phase 19)
  Global Optimization (Phase 20)
  Global Optimization (Phase 21)
  Global Optimization (Phase 22)
  Global Optimization (Phase 23)
  Global Optimization (Phase 24)
  Global Optimization (Phase 25)
  Global Optimization (Phase 26)
  Global Optimization (Phase 27)
  Global Optimization (Phase 28)
  Global Optimization (Phase 29)
  Global Optimization (Phase 30)
  Mapping 'alu_DP_OP_18_125_7468_5'

Threshold voltage group cell usage:
>> saed32cell_hvt 7.29%, saed32cell_lvt 92.71%, saed32cell_svt 0.00%

  Beginning Isolate Ports
  -----------------------

Threshold voltage group cell usage:
>> saed32cell_hvt 7.29%, saed32cell_lvt 92.71%, saed32cell_svt 0.00%

  Beginning Delay Optimization
  ----------------------------
    0:00:07    1882.4      1.35      21.5     130.0                           599329024.0000
    0:00:07    1874.6      0.64      14.2      30.3                           602328128.0000
    0:00:07    1874.6      0.64      14.2      30.3                           602328128.0000
    0:00:07    1874.6      0.64      14.2      30.3                           602328128.0000

Threshold voltage group cell usage:
>> saed32cell_hvt 3.35%, saed32cell_lvt 96.65%, saed32cell_svt 0.00%
    0:00:08    1872.3      0.59      12.6      30.3                           600629376.0000
    0:00:08    1872.3      0.59      12.6      30.3                           600629376.0000

  Beginning WLM Backend Optimization
  --------------------------------------
    0:00:08    1823.2      0.59      12.0      30.3                           590306944.0000
    0:00:08    1827.8      0.56      11.0       5.1                           594300672.0000
    0:00:08    1827.8      0.56      11.0       5.1                           594300672.0000
    0:00:08    1827.8      0.56      11.0       5.1                           594300672.0000
    0:00:08    1827.8      0.56      11.0       5.1                           594300672.0000
    0:00:08    1827.8      0.56      10.9       5.1                           593882816.0000
    0:00:08    1827.8      0.56      10.9       5.1                           593882816.0000
    0:00:09    1929.5      0.51      10.3       5.1                           638612480.0000
    0:00:09    1929.5      0.51      10.3       5.1                           638612480.0000
    0:00:09    1929.5      0.51      10.3       5.1                           638612480.0000
    0:00:10    1930.7      0.50      10.1       0.0                           633110976.0000
    0:00:10    1925.1      0.50      10.1       0.0                           633964672.0000
    0:00:10    1927.9      0.50      10.1       0.0                           637402816.0000
    0:00:10    1931.0      0.49      10.0       0.0                           637346176.0000
    0:00:10    1931.7      0.49      10.0       0.0                           637102848.0000
    0:00:10    1930.5      0.49       9.9       0.0                           636946624.0000
    0:00:10    1929.5      0.49       9.9       0.0                           639342208.0000
    0:00:10    1929.5      0.49       9.9       0.0                           639342208.0000
    0:00:10    1929.7      0.48       9.9       0.0                           640119872.0000
    0:00:10    1931.0      0.48       9.9       0.0                           639202624.0000
    0:00:10    1930.2      0.48       9.8       0.0                           639252288.0000
    0:00:10    1949.0      0.48       9.8       0.0                           640638144.0000
    0:00:10    1949.0      0.48       9.8       0.0                           640638144.0000
    0:00:10    1944.5      0.48       9.7       0.0                           635207616.0000
    0:00:10    1941.9      0.48       9.6       0.0                           634970688.0000
    0:00:10    1943.2      0.48       9.6       0.0                           634286720.0000
    0:00:10    1942.9      0.47       9.6       0.0                           634789248.0000
    0:00:10    1943.4      0.47       9.6       0.0                           633951104.0000
    0:00:10    1943.4      0.47       9.6       0.0                           633951104.0000
    0:00:11    1943.4      0.47       9.6       0.0                           633939520.0000
    0:00:11    1945.5      0.47       9.6       0.0                           633932352.0000
    0:00:11    1945.5      0.47       9.6       0.0                           633932352.0000
    0:00:11    1945.5      0.47       9.6       0.0                           633932352.0000
    0:00:11    1945.5      0.47       9.6       0.0                           633932352.0000
    0:00:11    1945.7      0.47       9.6       0.0                           634091904.0000
    0:00:11    1945.7      0.47       9.6       0.0                           634091904.0000
    0:00:11    1946.0      0.47       9.6       0.0                           634857984.0000
    0:00:11    1946.0      0.47       9.6       0.0                           634857984.0000
    0:00:12    1946.0      0.47       9.6       0.0                           634857984.0000
    0:00:12    1956.1      0.46       9.3       0.0                           638138432.0000
    0:00:12    1934.8      0.46       9.3       0.0                           624654080.0000
    0:00:12    1934.8      0.46       9.3       0.0                           624654080.0000
    0:00:14    2013.3      0.45       9.2       0.0                           659905920.0000
    0:00:14    2013.3      0.45       9.2       0.0                           659905920.0000
    0:00:14    2013.3      0.45       9.2       0.0                           659905920.0000
    0:00:14    2016.6      0.45       9.2       0.0                           659410112.0000
    0:00:14    2017.9      0.45       9.2       0.0                           660478464.0000
    0:00:14    2021.2      0.45       9.2       0.0                           658904320.0000
    0:00:14    2019.9      0.45       9.1       0.0                           658748032.0000
    0:00:14    2017.1      0.45       9.1       0.0                           657619264.0000
    0:00:14    2017.1      0.45       9.1       0.0                           657619264.0000
    0:00:14    2017.4      0.45       9.1       0.0                           657767232.0000
    0:00:14    2015.4      0.45       9.1       0.0                           657172992.0000
    0:00:14    2015.4      0.45       9.1       0.0                           657172992.0000
    0:00:14    2015.4      0.45       9.1       0.0                           657172992.0000
    0:00:14    2015.6      0.45       9.0       0.0                           657884416.0000
    0:00:14    2016.1      0.45       9.0       0.0                           658409664.0000
    0:00:14    2016.1      0.45       9.0       0.0                           658409664.0000
    0:00:15    2016.1      0.45       9.1       0.0                           658475904.0000
    0:00:15    2016.4      0.45       9.1       0.0                           659992576.0000
    0:00:15    2020.2      0.45       9.1       0.0                           659624640.0000
    0:00:15    2020.2      0.45       9.1       0.0                           659624640.0000
    0:00:15    2020.2      0.44       9.0       0.0                           659636224.0000
    0:00:15    2022.7      0.44       9.0       0.0                           659345344.0000
    0:00:15    2022.7      0.44       9.0       0.0                           659345344.0000
    0:00:15    2023.0      0.44       9.0       0.0                           659367616.0000
    0:00:15    2023.0      0.44       9.0       0.0                           659367616.0000
    0:00:15    2023.0      0.44       9.0       0.0                           659367616.0000
    0:00:15    2024.0      0.44       9.0       0.0                           659742400.0000
    0:00:15    2024.0      0.44       9.0       0.0                           659742400.0000
    0:00:15    2024.0      0.44       9.0       0.0                           659742400.0000

                                  TOTAL                                                
   ELAPSED            WORST NEG   SETUP    DESIGN                              LEAKAGE 
    TIME      AREA      SLACK     COST    RULE COST         ENDPOINT            POWER  
  --------- --------- --------- --------- --------- ------------------------- ---------
    0:00:15    2024.0      0.44       9.0       0.0                           659742400.0000
    0:00:16    1969.1      0.44       8.8       0.0                           624794560.0000
    0:00:16    1969.1      0.44       8.8       0.0                           624794560.0000
    0:00:16    1969.1      0.44       8.8       0.0                           624794560.0000

Threshold voltage group cell usage:
>> saed32cell_hvt 0.00%, saed32cell_lvt 99.56%, saed32cell_svt 0.44%

  Beginning Delay Optimization HSVT Pass
  --------------------------------------
    0:00:16    1969.1      0.44       8.8       0.0                           624794560.0000
    0:00:16    1969.1      0.44       8.8       0.0                           624794560.0000
    0:00:16    1969.1      0.44       8.8       0.0                           624794560.0000
    0:00:16    1969.1      0.44       8.8       0.0                           624794560.0000
    0:00:16    1967.8      0.44       8.8       0.0                           624716096.0000
    0:00:17    1967.8      0.44       8.8       0.0                           624716096.0000
    0:00:17    1967.8      0.44       8.8       0.0                           624716096.0000
    0:00:17    1967.8      0.44       8.8       0.0                           624716096.0000
    0:00:17    1967.8      0.44       8.8       0.0                           624716096.0000
    0:00:17    1967.8      0.44       8.8       0.0                           624716096.0000
    0:00:17    1967.8      0.44       8.8       0.0                           624716096.0000
    0:00:17    1967.8      0.44       8.8       0.0                           624716096.0000
    0:00:18    1967.8      0.44       8.8       0.0                           624716096.0000
    0:00:18    1967.8      0.44       8.8       0.0                           624716096.0000
    0:00:18    1967.8      0.44       8.8       0.0                           624716096.0000
    0:00:18    1967.8      0.44       8.8       0.0                           624716096.0000
    0:00:18    1967.8      0.44       8.8       0.0                           624716096.0000
    0:00:18    1967.8      0.44       8.8       0.0                           624716096.0000
    0:00:19    1967.8      0.44       8.8       0.0                           624716096.0000
    0:00:19    1967.8      0.44       8.8       0.0                           624716096.0000
    0:00:19    1967.8      0.44       8.8       0.0                           624716096.0000
    0:00:19    1967.8      0.44       8.8       0.0                           624716096.0000
    0:00:19    1967.8      0.44       8.8       0.0                           624716096.0000
    0:00:19    1967.8      0.44       8.8       0.0                           624716096.0000
    0:00:19    1967.8      0.44       8.8       0.0                           624716096.0000
    0:00:20    1967.8      0.44       8.8       0.0                           624716096.0000
    0:00:20    1967.8      0.44       8.8       0.0                           624716096.0000
    0:00:20    1967.8      0.44       8.8       0.0                           624716096.0000
    0:00:20    1967.8      0.44       8.8       0.0                           624716096.0000
    0:00:20    1967.8      0.44       8.8       0.0                           624716096.0000
    0:00:20    1967.8      0.44       8.8       0.0                           624716096.0000
    0:00:21    1967.8      0.44       8.8       0.0                           624716096.0000
    0:00:21    1967.8      0.44       8.8       0.0                           624716096.0000
    0:00:21    1967.8      0.44       8.8       0.0                           624716096.0000
    0:00:21    1967.8      0.44       8.8       0.0                           624716096.0000
    0:00:22    1967.8      0.44       8.8       0.0                           624716096.0000
    0:00:22    1967.8      0.44       8.8       0.0                           624716096.0000
    0:00:22    1967.8      0.44       8.8       0.0                           624716096.0000
    0:00:22    1967.8      0.44       8.8       0.0                           624716096.0000
    0:00:22    1966.1      0.44       8.8       0.0                           623956672.0000
    0:00:22    1966.1      0.44       8.8       0.0                           623956672.0000
    0:00:22    1966.1      0.44       8.8       0.0                           623956672.0000
    0:00:23    1887.3      0.44       8.7       0.0                           604516160.0000
    0:00:23    1887.3      0.44       8.7       0.0                           604516160.0000
    0:00:23    1887.3      0.44       8.7       0.0                           604582400.0000
    0:00:24    1888.5      0.44       8.7       0.0                           604942592.0000
    0:00:24    1891.8      0.44       8.7       0.0                           605164480.0000
    0:00:24    1891.8      0.44       8.7       0.0                           605164480.0000
    0:00:24    1891.8      0.44       8.7       0.0                           605164480.0000
    0:00:24    1891.8      0.44       8.7       0.0                           605164480.0000
    0:00:24    1891.8      0.44       8.7       0.0                           605164480.0000
    0:00:24    1891.8      0.44       8.7       0.0                           605164480.0000
    0:00:24    1891.8      0.44       8.7       0.0                           605164480.0000
    0:00:24    1883.7      0.44       8.7       0.0                           587211904.0000
CPU Load: 12%, Ram Free: 49 GB, Swap Free: 9 GB, Work Disk Free: 5618 GB, Tmp Disk Free: 44 GB
Loading db file '/pkgs/synopsys/2020/32_28nm/SAED32_EDK/lib/io_std/db_nldm/saed32io_wb_ss0p95v125c_2p25v.db'
Loading db file '/pkgs/synopsys/2020/32_28nm/SAED32_EDK/lib/sram_lp/db_nldm/saed32sramlp_ss0p75v125c_i0p75v.db'
Loading db file '/pkgs/synopsys/2020/32_28nm/SAED32_EDK/lib/pll/db_nldm/saed32pll_ss0p95v125c_2p25v.db'
Loading db file '/pkgs/synopsys/2020/32_28nm/SAED32_EDK/lib/stdcell_rvt/db_nldm/saed32rvt_ss0p95v125c.db'
Loading db file '/pkgs/synopsys/2020/32_28nm/SAED32_EDK/lib/stdcell_hvt/db_nldm/saed32hvt_ss0p95v125c.db'
Loading db file '/pkgs/synopsys/2020/32_28nm/SAED32_EDK/lib/stdcell_lvt/db_nldm/saed32lvt_ss0p95v125c.db'


Note: Symbol # after min delay cost means estimated hold TNS across all active scenarios 


  Optimization Complete
  ---------------------
Information: State dependent leakage is now switched from off to on.
Information: Propagating switching activity (low effort zero delay simulation). (PWR-6)
CPU Load: 12%, Ram Free: 49 GB, Swap Free: 9 GB, Work Disk Free: 5618 GB, Tmp Disk Free: 44 GB
Information: Total number of MV cells in the design.
----------------------------------------------------------------------------------------------------
 MV Cells                                           Total Number                                   
----------------------------------------------------------------------------------------------------
 Level Shifter:                                     0                                             
 Enable Level Shifter:                              0                                             
 Isolation Cell:                                    0                                             
 Retention Cell:                                    0                                             
 Retention Clamp Cell:                              0                                             
 Switch Cell:                                       0                                             
 Always-On Cell:                                    0                                             
 Repeater Cell:                                     0                                             

----------------------------------------------------------------------------------------------------
Unmapped MV Cells 
----------------------------------------------------------------------------------------------------
0 Isolation Cells are unmapped 
0 Retention Clamp Cells are unmapped 
----------------------------------------------------------------------------------------------------
1
change_names -rules verilog -hierarchy
1
1
source -echo -verbose $script_dir/dc_reports.tcl
####################################################
# For ECE-581 Class
# Author: Venaktesh Patil (v.p@pdx.edu)
# Modular Script to redirect reports for
# Synopsys DC compiler.
# Add different stages if needed
# 
# Modify as needed.
# #################################################
puts "INFO: Reports"
INFO: Reports
set stage dc
dc
report_qor                     > ../reports/${top_design}.${stage}.qor.rpt
report_constraint -all_viol    > ../reports/${top_design}.${stage}.constraint.rpt
report_timing -delay max -input -tran -cross -sig 4 -derate -net -cap  -max_path 10000 -slack_less 0 > ../reports/${top_design}.${stage}.timing.max.rpt
check_timing                   > ../reports/${top_design}.${stage}.check_timing.rpt
check_design                   > ../reports/${top_design}.${stage}.check_design.rpt
#check_mv_design  > ../reports/${top_design}.$stage.mvrc.rpt
source -echo -verbose $script_dir/dc_outputs.tcl
####################################################
# For ECE-581 Class
# Author: Venaktesh Patil (v.p@pdx.edu)
# Modular Script for setting up outputs from
# Synopsys DC compiler.
#
#
# #################################################
puts "INFO: Outputs"
INFO: Outputs
write -hier -format verilog -output ../outputs/${top_design}.dc.vg
Writing verilog file '/u/jgasaba2/ece581_final_project/bottom_up_riscv_run/alu/outputs/alu.dc.vg'.
1
write -hier -format ddc     -output ../outputs/${top_design}.dc.ddc
Writing ddc file '../outputs/alu.dc.ddc'.
1
save_upf ../outputs/${top_design}.dc.upf
1
1
puts "=== DC TOP END ==="
=== DC TOP END ===
dc_shell> rep
repl...(2)   repo...(183) 
dc_shell> repo
report_a...(13) report_c...(23) report_f...(2)  report_i...(7)  report_m...(7)  report_o...(4)  report_q...(2)  report_s...(25) report_u...(4)  
report_b...(16) report_d...(24) report_h...(3)  report_l...(6)  report_n...(4)  report_p...(18) report_r...(6)  report_t...(15) report_w...(4)  
dc_shell> report_tim
report_timing              report_timing_derate       report_timing_requirements 
dc_shell> report_timing
 
****************************************
Report : timing
        -path full
        -delay max
        -max_paths 1
Design : alu
Version: X-2025.06-SP4
Date   : Tue Mar 10 18:38:33 2026
****************************************

Operating Conditions: ss0p95v125c   Library: saed32rvt_ss0p95v125c
Wire Load Model Mode: enclosed

  Startpoint: alu_ctrl[0]
              (input port clocked by vclk)
  Endpoint: zero (output port clocked by vclk)
  Path Group: COMBO
  Path Type: max

  Des/Clust/Port     Wire Load Model       Library
  ------------------------------------------------
  alu                8000                  saed32rvt_ss0p95v125c

  Point                                    Incr       Path
  -----------------------------------------------------------
  clock vclk (rise edge)                   0.00       0.00
  clock network delay (ideal)              0.00       0.00
  input external delay                     0.30       0.30 r
  alu_ctrl[0] (in)                         0.01       0.31 r
  U498/Y (INVX8_LVT)                       0.02       0.33 f
  U209/Y (INVX16_LVT)                      0.02       0.36 r
  U848/Y (XOR2X2_LVT)                      0.07       0.42 f
  U219/Y (INVX1_LVT)                       0.02       0.44 r
  U217/Y (AND2X1_LVT)                      0.04       0.48 r
  U851/Y (NOR2X0_LVT)                      0.06       0.54 f
  U406/Y (NAND2X0_LVT)                     0.06       0.60 r
  U852/Y (INVX1_LVT)                       0.02       0.62 f
  U249/Y (AND2X1_LVT)                      0.05       0.67 f
  U248/Y (INVX0_LVT)                       0.02       0.69 r
  U247/Y (OA21X1_LVT)                      0.04       0.73 r
  U911/Y (OA21X1_LVT)                      0.05       0.78 r
  U348/Y (XNOR2X2_LVT)                     0.07       0.85 r
  U411/Y (OA21X1_LVT)                      0.05       0.90 r
  U410/Y (OR3X1_LVT)                       0.04       0.94 r
  U200/Y (NOR3X0_LVT)                      0.06       1.00 f
  U405/Y (AND3X1_LVT)                      0.04       1.04 f
  zero (out)                               0.00       1.04 f
  data arrival time                                   1.04

  clock vclk (rise edge)                   1.41       1.41
  clock network delay (ideal)              0.00       1.41
  output external delay                   -0.81       0.60
  data required time                                  0.60
  -----------------------------------------------------------
  data required time                                  0.60
  data arrival time                                  -1.04
  -----------------------------------------------------------
  slack (VIOLATED)                                   -0.44


1
dc_shell> ld [K[Krepo
report_a...(13) report_c...(23) report_f...(2)  report_i...(7)  report_m...(7)  report_o...(4)  report_q...(2)  report_s...(25) report_u...(4)  
report_b...(16) report_d...(24) report_h...(3)  report_l...(6)  report_n...(4)  report_p...(18) report_r...(6)  report_t...(15) report_w...(4)  
dc_shell> report_qor 
 
****************************************
Report : qor
Design : alu
Version: X-2025.06-SP4
Date   : Tue Mar 10 18:39:00 2026
****************************************


  Timing Path Group 'COMBO'
  -----------------------------------
  Levels of Logic:              17.00
  Critical Path Length:          0.74
  Critical Path Slack:          -0.44
  Critical Path Clk Period:      1.41
  Total Negative Slack:         -8.74
  No. of Violating Paths:       33.00
  Worst Hold Violation:          0.00
  Total Hold Violation:          0.00
  No. of Hold Violations:        0.00
  -----------------------------------


  Cell Count
  -----------------------------------
  Hierarchical Cell Count:          0
  Hierarchical Port Count:          0
  Leaf Cell Count:                846
  Buf/Inv Cell Count:             230
  Buf Cell Count:                   6
  Inv Cell Count:                 224
  CT Buf/Inv Cell Count:            0
  Combinational Cell Count:       846
  Sequential Cell Count:            0
  Macro Count:                      0
  -----------------------------------


  Area
  -----------------------------------
  Combinational Area:     1883.715356
  Noncombinational Area:     0.000000
  Buf/Inv Area:            307.514241
  Total Buffer Area:            13.98
  Total Inverter Area:         293.54
  Macro/Black Box Area:      0.000000
  Net Area:                324.305904
  -----------------------------------
  Cell Area:              1883.715356
  Design Area:            2208.021260


  Design Rules
  -----------------------------------
  Total Number of Nets:           914
  Nets With Violations:             0
  Max Trans Violations:             0
  Max Cap Violations:               0
  -----------------------------------


  Hostname: phobos.ece.pdx.edu

  Compile CPU Statistics
  -----------------------------------------
  Resource Sharing:                    0.23
  Logic Optimization:                  2.13
  Mapping Optimization:                9.36
  -----------------------------------------
  Overall Compile Time:               26.71
  Overall Compile Wall Clock Time:    27.74

  --------------------------------------------------------------------

  Design  WNS: 0.44  TNS: 8.74  Number of Violating Paths: 33


  Design (Hold)  WNS: 0.00  TNS: 0.00  Number of Violating Paths: 0

  --------------------------------------------------------------------


1
dc_shell> report_qortiming
 
****************************************
Report : timing
        -path full
        -delay max
        -max_paths 1
Design : alu
Version: X-2025.06-SP4
Date   : Tue Mar 10 18:39:24 2026
****************************************

Operating Conditions: ss0p95v125c   Library: saed32rvt_ss0p95v125c
Wire Load Model Mode: enclosed

  Startpoint: alu_ctrl[0]
              (input port clocked by vclk)
  Endpoint: zero (output port clocked by vclk)
  Path Group: COMBO
  Path Type: max

  Des/Clust/Port     Wire Load Model       Library
  ------------------------------------------------
  alu                8000                  saed32rvt_ss0p95v125c

  Point                                    Incr       Path
  -----------------------------------------------------------
  clock vclk (rise edge)                   0.00       0.00
  clock network delay (ideal)              0.00       0.00
  input external delay                     0.30       0.30 r
  alu_ctrl[0] (in)                         0.01       0.31 r
  U498/Y (INVX8_LVT)                       0.02       0.33 f
  U209/Y (INVX16_LVT)                      0.02       0.36 r
  U848/Y (XOR2X2_LVT)                      0.07       0.42 f
  U219/Y (INVX1_LVT)                       0.02       0.44 r
  U217/Y (AND2X1_LVT)                      0.04       0.48 r
  U851/Y (NOR2X0_LVT)                      0.06       0.54 f
  U406/Y (NAND2X0_LVT)                     0.06       0.60 r
  U852/Y (INVX1_LVT)                       0.02       0.62 f
  U249/Y (AND2X1_LVT)                      0.05       0.67 f
  U248/Y (INVX0_LVT)                       0.02       0.69 r
  U247/Y (OA21X1_LVT)                      0.04       0.73 r
  U911/Y (OA21X1_LVT)                      0.05       0.78 r
  U348/Y (XNOR2X2_LVT)                     0.07       0.85 r
  U411/Y (OA21X1_LVT)                      0.05       0.90 r
  U410/Y (OR3X1_LVT)                       0.04       0.94 r
  U200/Y (NOR3X0_LVT)                      0.06       1.00 f
  U405/Y (AND3X1_LVT)                      0.04       1.04 f
  zero (out)                               0.00       1.04 f
  data arrival time                                   1.04

  clock vclk (rise edge)                   1.41       1.41
  clock network delay (ideal)              0.00       1.41
  output external delay                   -0.81       0.60
  data required time                                  0.60
  -----------------------------------------------------------
  data required time                                  0.60
  data arrival time                                  -1.04
  -----------------------------------------------------------
  slack (VIOLATED)                                   -0.44


1
dc_shell> 
dc_shell> 
dc_shell> exit

Memory usage for this session 400 Mbytes.
Memory usage for this session including child processes 400 Mbytes.
CPU usage for this session 147 seconds ( 0.04 hours ).
Elapsed time for this session 984 seconds ( 0.27 hours ).

Thank you...
